0 info it worked if it ends with ok
1 verbose cli [ 'C:\\Program Files\\nodejs\\\\node.exe',
1 verbose cli   'C:\\Program Files\\nodejs\\node_modules\\npm\\bin\\npm-cli.js',
1 verbose cli   'install',
1 verbose cli   'zerorpc' ]
2 info using npm@1.4.23
3 info using node@v0.10.31
4 verbose node symlink C:\Program Files\nodejs\\node.exe
5 warn package.json ekgtracker@0.0.0 No repository field.
6 verbose readDependencies using package.json deps
7 verbose cache add [ 'zerorpc', null ]
8 verbose cache add name=undefined spec="zerorpc" args=["zerorpc",null]
9 verbose parsed url { protocol: null,
9 verbose parsed url   slashes: null,
9 verbose parsed url   auth: null,
9 verbose parsed url   host: null,
9 verbose parsed url   port: null,
9 verbose parsed url   hostname: null,
9 verbose parsed url   hash: null,
9 verbose parsed url   search: null,
9 verbose parsed url   query: null,
9 verbose parsed url   pathname: 'zerorpc',
9 verbose parsed url   path: 'zerorpc',
9 verbose parsed url   href: 'zerorpc' }
10 silly lockFile 97cd84c6-zerorpc zerorpc
11 verbose lock zerorpc C:\Users\Chao\AppData\Roaming\npm-cache\97cd84c6-zerorpc.lock
12 silly lockFile 97cd84c6-zerorpc zerorpc
13 silly lockFile 97cd84c6-zerorpc zerorpc
14 verbose addNamed [ 'zerorpc', '' ]
15 verbose addNamed [ null, '*' ]
16 silly lockFile 866fe8e6-zerorpc zerorpc@
17 verbose lock zerorpc@ C:\Users\Chao\AppData\Roaming\npm-cache\866fe8e6-zerorpc.lock
18 silly addNameRange { name: 'zerorpc', range: '*', hasData: false }
19 verbose request where is /zerorpc
20 verbose request registry https://registry.npmjs.org/
21 verbose request id dc17d283020bb13c
22 verbose url raw /zerorpc
23 verbose url resolving [ 'https://registry.npmjs.org/', './zerorpc' ]
24 verbose url resolved https://registry.npmjs.org/zerorpc
25 verbose request where is https://registry.npmjs.org/zerorpc
26 info trying registry request attempt 1 at 14:58:23
27 http GET https://registry.npmjs.org/zerorpc
28 http 200 https://registry.npmjs.org/zerorpc
29 silly registry.get cb [ 200,
29 silly registry.get   { date: 'Wed, 05 Nov 2014 22:58:25 GMT',
29 silly registry.get     server: 'CouchDB/1.5.0 (Erlang OTP/R16B03)',
29 silly registry.get     etag: '"2OAGQFJHK44HQCJD9I0CYF1O7"',
29 silly registry.get     'content-type': 'application/json',
29 silly registry.get     'cache-control': 'max-age=60',
29 silly registry.get     'content-length': '66486',
29 silly registry.get     'accept-ranges': 'bytes',
29 silly registry.get     via: '1.1 varnish',
29 silly registry.get     age: '0',
29 silly registry.get     'x-served-by': 'cache-sjc3124-SJC',
29 silly registry.get     'x-cache': 'MISS',
29 silly registry.get     'x-cache-hits': '0',
29 silly registry.get     'x-timer': 'S1415228304.939334,VS0,VE152',
29 silly registry.get     vary: 'Accept',
29 silly registry.get     'keep-alive': 'timeout=10, max=50',
29 silly registry.get     connection: 'Keep-Alive' } ]
30 silly addNameRange number 2 { name: 'zerorpc', range: '*', hasData: true }
31 silly addNameRange versions [ 'zerorpc',
31 silly addNameRange   [ '0.1.0',
31 silly addNameRange     '0.2.0',
31 silly addNameRange     '0.3.0',
31 silly addNameRange     '0.4.0',
31 silly addNameRange     '0.5.0',
31 silly addNameRange     '0.6.0',
31 silly addNameRange     '0.6.1',
31 silly addNameRange     '0.7.0',
31 silly addNameRange     '0.7.1',
31 silly addNameRange     '0.7.2',
31 silly addNameRange     '0.7.3',
31 silly addNameRange     '0.7.4',
31 silly addNameRange     '0.8.0',
31 silly addNameRange     '0.8.1',
31 silly addNameRange     '0.8.2',
31 silly addNameRange     '0.8.3',
31 silly addNameRange     '0.8.4',
31 silly addNameRange     '0.8.5',
31 silly addNameRange     '0.8.6',
31 silly addNameRange     '0.8.7',
31 silly addNameRange     '0.8.8',
31 silly addNameRange     '0.9.0',
31 silly addNameRange     '0.9.1',
31 silly addNameRange     '0.9.2',
31 silly addNameRange     '0.9.3' ] ]
32 verbose addNamed [ 'zerorpc', '0.9.3' ]
33 verbose addNamed [ '0.9.3', '0.9.3' ]
34 silly lockFile 5245d2b3-zerorpc-0-9-3 zerorpc@0.9.3
35 verbose lock zerorpc@0.9.3 C:\Users\Chao\AppData\Roaming\npm-cache\5245d2b3-zerorpc-0-9-3.lock
36 silly lockFile f2f9dd3c-js-org-zerorpc-zerorpc-0-9-3-tgz https://registry.npmjs.org/zerorpc/-/zerorpc-0.9.3.tgz
37 verbose lock https://registry.npmjs.org/zerorpc/-/zerorpc-0.9.3.tgz C:\Users\Chao\AppData\Roaming\npm-cache\f2f9dd3c-js-org-zerorpc-zerorpc-0-9-3-tgz.lock
38 verbose addRemoteTarball [ 'https://registry.npmjs.org/zerorpc/-/zerorpc-0.9.3.tgz',
38 verbose addRemoteTarball   '77e0bcfb2aba576ed659b2983230febecf301741' ]
39 info retry fetch attempt 1 at 14:58:24
40 verbose fetch to= C:\Users\Chao\AppData\Local\Temp\npm-2488-0gLq9qNS\registry.npmjs.org\zerorpc\-\zerorpc-0.9.3.tgz
41 http GET https://registry.npmjs.org/zerorpc/-/zerorpc-0.9.3.tgz
42 http 200 https://registry.npmjs.org/zerorpc/-/zerorpc-0.9.3.tgz
43 silly lockFile f2f9dd3c-js-org-zerorpc-zerorpc-0-9-3-tgz https://registry.npmjs.org/zerorpc/-/zerorpc-0.9.3.tgz
44 silly lockFile f2f9dd3c-js-org-zerorpc-zerorpc-0-9-3-tgz https://registry.npmjs.org/zerorpc/-/zerorpc-0.9.3.tgz
45 silly lockFile 5245d2b3-zerorpc-0-9-3 zerorpc@0.9.3
46 silly lockFile 5245d2b3-zerorpc-0-9-3 zerorpc@0.9.3
47 silly lockFile 866fe8e6-zerorpc zerorpc@
48 silly lockFile 866fe8e6-zerorpc zerorpc@
49 silly resolved [ { name: 'zerorpc',
49 silly resolved     version: '0.9.3',
49 silly resolved     main: './index.js',
49 silly resolved     author: { name: 'dotCloud', email: 'opensource@dotcloud.com' },
49 silly resolved     description: 'A port of ZeroRPC to node.js',
49 silly resolved     contributors: [ [Object], [Object] ],
49 silly resolved     repository: { type: 'git', url: 'https://github.com/dotcloud/zerorpc-node' },
49 silly resolved     keywords: [ 'zerorpc', 'rpc', 'distributed', 'communication' ],
49 silly resolved     dependencies:
49 silly resolved      { underscore: '1.3.3',
49 silly resolved        msgpack: '0.1.8',
49 silly resolved        'node-uuid': '1.3.3',
49 silly resolved        zmq: '2.x' },
49 silly resolved     devDependencies: { nodeunit: '0.7.4' },
49 silly resolved     license: 'MIT',
49 silly resolved     readme: 'zerorpc-node\n============\n\nZeroRPC is a communication layer for distributed systems. zerorpc-node is a port of the original [ZeroRPC](https://github.com/dotcloud/zerorpc-python) for node.js. We have full client and server support for version 3 of the protocol, and clients/servers written in the Python version can communicate transparently with those written in node.js. This project is alpha.\n\nTo install the package:\n\n    npm install zerorpc\n\nIf you get the error `Package libzmq was not found`, take a look at [the fix for zeromq.node](https://github.com/JustinTulloss/zeromq.node/issues/55). If you get the error `Unable to load shared library <<path to zeromq.node>>/binding.node`, [make sure you run ldconfig](https://github.com/JustinTulloss/zeromq.node/issues/85). If that still doesn\'t work, check out [this ticket](https://github.com/JustinTulloss/zeromq.node/issues/92).\n\nServers\n-------\n\nTo create a new server:\n\n    var zerorpc = require("zerorpc");\n    var server = new zerorpc.Server(context);\n\nThe constructor takes in a context object with the functions to expose over RPC. Only functions that do not have a leading underscore will be exposed. Each exposed method must take in a callback as the last argument. This callback is called as `callback(error, response, more)` when there is a new update, where error is an error object or string, response is the new update, and more is a boolean specifying whether new updates will be available later. `error`, `response`, and `more` default to falsy values, so e.g. simply calling `callback()` closes an open stream, since `more` is false by default.\n\nEvents:\n\n* `error` - When an error occurs.\n\nMethods:\n\n* `bind(endpoint)` - Binds the server to the specified ZeroMQ endpoint.\n* `connect(endpoint)` - Connects the server to the specified ZeroMQ endpoint.\n* `close()` - Closes the ZeroMQ socket.\n\nFull example:\n\n    var zerorpc = require("zerorpc");\n\n    var server = new zerorpc.Server({\n        addMan: function(sentence, reply) {\n            reply(null, sentence + ", man!");\n        },\n\n        add42: function(n, reply) {\n            reply(null, n + 42);\n        },\n\n        iter: function(from, to, step, reply) {\n            for(i=from; i<to; i+=step) {\n                reply(null, i, true);\n            }\n\n            reply();\n        }\n    });\n\n    server.bind("tcp://0.0.0.0:4242");\n\n    server.on("error", function(error) {\n        console.error("RPC server error:", error);\n    });\n\nClients\n-------\n\nTo create a new client:\n\n    var zerorpc = require("zerorpc");\n    var client = new zerorpc.Client(options);\n\nThe constructor optionally takes in an options object. Allowable options:\n\n* `timeout` (number) - Sets the number of seconds to wait for a response before considering the call timed out. Defaults to 30.\n\nEvents:\n\n* `error` - When an error occurs.\n\nMethods:\n\n* `bind(endpoint)` - Binds the client to the specified ZeroMQ endpoint.\n* `connect(endpoint)` - Connects the client to the specified ZeroMQ endpoint.\n* `close()` - Closes the ZeroMQ socket.\n* `invoke(method, arguments..., callback)` - Invokes a remote method.\n  * `method` is the method name.\n  * `callback` is a method to call when there is an update. This callback is called as `callback(error, response, more)`, where error is an error object, response is the new update, and more is a boolean specifying whether new updates will be available later (i.e. whether the response is streaming).\n\nFull example:\n\n    var zerorpc = require("zerorpc");\n\n    var client = new zerorpc.Client();\n    client.connect("tcp://127.0.0.1:4242");\n\n    client.on("error", function(error) {\n        console.error("RPC client error:", error);\n    });\n\n    client.invoke("iter", 10, 20, 2, function(error, res, more) {\n        if(error) {\n            console.error(error);\n        } else {\n            console.log("UPDATE:", res);\n        }\n\n        if(!more) {\n            console.log("Done.");\n        }\n    });',
49 silly resolved     _id: 'zerorpc@0.9.3',
49 silly resolved     dist:
49 silly resolved      { shasum: '77e0bcfb2aba576ed659b2983230febecf301741',
49 silly resolved        tarball: 'http://registry.npmjs.org/zerorpc/-/zerorpc-0.9.3.tgz' },
49 silly resolved     maintainers: [ [Object], [Object] ],
49 silly resolved     directories: {},
49 silly resolved     _shasum: '77e0bcfb2aba576ed659b2983230febecf301741',
49 silly resolved     _from: 'zerorpc@',
49 silly resolved     _resolved: 'https://registry.npmjs.org/zerorpc/-/zerorpc-0.9.3.tgz' } ]
50 info install zerorpc@0.9.3 into C:\Users\Chao\Documents\GitHub\webAppEKGAPI
51 info installOne zerorpc@0.9.3
52 verbose node_modules\zerorpc unbuild
53 verbose tar unpack C:\Users\Chao\AppData\Roaming\npm-cache\zerorpc\0.9.3\package.tgz
54 silly lockFile 83ea46cd-ebAppEKGAPI-node-modules-zerorpc tar://C:\Users\Chao\Documents\GitHub\webAppEKGAPI\node_modules\zerorpc
55 verbose lock tar://C:\Users\Chao\Documents\GitHub\webAppEKGAPI\node_modules\zerorpc C:\Users\Chao\AppData\Roaming\npm-cache\83ea46cd-ebAppEKGAPI-node-modules-zerorpc.lock
56 silly lockFile 76a1a980--cache-zerorpc-0-9-3-package-tgz tar://C:\Users\Chao\AppData\Roaming\npm-cache\zerorpc\0.9.3\package.tgz
57 verbose lock tar://C:\Users\Chao\AppData\Roaming\npm-cache\zerorpc\0.9.3\package.tgz C:\Users\Chao\AppData\Roaming\npm-cache\76a1a980--cache-zerorpc-0-9-3-package-tgz.lock
58 silly gunzTarPerm modes [ '777', '666' ]
59 silly gunzTarPerm extractEntry package.json
60 silly gunzTarPerm modified mode [ 'package.json', 420, 438 ]
61 silly gunzTarPerm extractEntry .npmignore
62 silly gunzTarPerm modified mode [ '.npmignore', 420, 438 ]
63 silly gunzTarPerm extractEntry README.md
64 silly gunzTarPerm modified mode [ 'README.md', 420, 438 ]
65 silly gunzTarPerm extractEntry LICENSE
66 silly gunzTarPerm modified mode [ 'LICENSE', 420, 438 ]
67 silly gunzTarPerm extractEntry index.js
68 silly gunzTarPerm modified mode [ 'index.js', 420, 438 ]
69 silly gunzTarPerm extractEntry lib/server.js
70 silly gunzTarPerm modified mode [ 'lib/server.js', 420, 438 ]
71 silly gunzTarPerm extractEntry lib/buffer.js
72 silly gunzTarPerm modified mode [ 'lib/buffer.js', 420, 438 ]
73 silly gunzTarPerm extractEntry lib/channel.js
74 silly gunzTarPerm modified mode [ 'lib/channel.js', 420, 438 ]
75 silly gunzTarPerm extractEntry lib/client.js
76 silly gunzTarPerm modified mode [ 'lib/client.js', 420, 438 ]
77 silly gunzTarPerm extractEntry lib/util.js
78 silly gunzTarPerm modified mode [ 'lib/util.js', 420, 438 ]
79 silly gunzTarPerm extractEntry lib/socket.js
80 silly gunzTarPerm modified mode [ 'lib/socket.js', 420, 438 ]
81 silly gunzTarPerm extractEntry lib/middleware.js
82 silly gunzTarPerm modified mode [ 'lib/middleware.js', 420, 438 ]
83 silly gunzTarPerm extractEntry lib/events.js
84 silly gunzTarPerm modified mode [ 'lib/events.js', 420, 438 ]
85 silly gunzTarPerm extractEntry test/timeouts.js
86 silly gunzTarPerm modified mode [ 'test/timeouts.js', 420, 438 ]
87 silly gunzTarPerm extractEntry test/repro-10.js
88 silly gunzTarPerm modified mode [ 'test/repro-10.js', 420, 438 ]
89 silly gunzTarPerm extractEntry test/invocation.js
90 silly gunzTarPerm modified mode [ 'test/invocation.js', 420, 438 ]
91 silly gunzTarPerm extractEntry test/errors.js
92 silly gunzTarPerm modified mode [ 'test/errors.js', 420, 438 ]
93 silly gunzTarPerm extractEntry test/buffers.js
94 silly gunzTarPerm modified mode [ 'test/buffers.js', 420, 438 ]
95 silly gunzTarPerm extractEntry test/streams.js
96 silly gunzTarPerm modified mode [ 'test/streams.js', 420, 438 ]
97 silly gunzTarPerm extractEntry test/heartbeats.js
98 silly gunzTarPerm modified mode [ 'test/heartbeats.js', 420, 438 ]
99 silly lockFile 83ea46cd-ebAppEKGAPI-node-modules-zerorpc tar://C:\Users\Chao\Documents\GitHub\webAppEKGAPI\node_modules\zerorpc
100 silly lockFile 83ea46cd-ebAppEKGAPI-node-modules-zerorpc tar://C:\Users\Chao\Documents\GitHub\webAppEKGAPI\node_modules\zerorpc
101 silly lockFile 76a1a980--cache-zerorpc-0-9-3-package-tgz tar://C:\Users\Chao\AppData\Roaming\npm-cache\zerorpc\0.9.3\package.tgz
102 silly lockFile 76a1a980--cache-zerorpc-0-9-3-package-tgz tar://C:\Users\Chao\AppData\Roaming\npm-cache\zerorpc\0.9.3\package.tgz
103 info preinstall zerorpc@0.9.3
104 verbose readDependencies using package.json deps
105 verbose readDependencies using package.json deps
106 verbose cache add [ 'underscore@1.3.3', null ]
107 verbose cache add name=undefined spec="underscore@1.3.3" args=["underscore@1.3.3",null]
108 verbose parsed url { protocol: null,
108 verbose parsed url   slashes: null,
108 verbose parsed url   auth: null,
108 verbose parsed url   host: null,
108 verbose parsed url   port: null,
108 verbose parsed url   hostname: null,
108 verbose parsed url   hash: null,
108 verbose parsed url   search: null,
108 verbose parsed url   query: null,
108 verbose parsed url   pathname: 'underscore@1.3.3',
108 verbose parsed url   path: 'underscore@1.3.3',
108 verbose parsed url   href: 'underscore@1.3.3' }
109 verbose cache add [ 'msgpack@0.1.8', null ]
110 verbose cache add name=undefined spec="msgpack@0.1.8" args=["msgpack@0.1.8",null]
111 verbose parsed url { protocol: null,
111 verbose parsed url   slashes: null,
111 verbose parsed url   auth: null,
111 verbose parsed url   host: null,
111 verbose parsed url   port: null,
111 verbose parsed url   hostname: null,
111 verbose parsed url   hash: null,
111 verbose parsed url   search: null,
111 verbose parsed url   query: null,
111 verbose parsed url   pathname: 'msgpack@0.1.8',
111 verbose parsed url   path: 'msgpack@0.1.8',
111 verbose parsed url   href: 'msgpack@0.1.8' }
112 verbose cache add [ 'node-uuid@1.3.3', null ]
113 verbose cache add name=undefined spec="node-uuid@1.3.3" args=["node-uuid@1.3.3",null]
114 verbose parsed url { protocol: null,
114 verbose parsed url   slashes: null,
114 verbose parsed url   auth: null,
114 verbose parsed url   host: null,
114 verbose parsed url   port: null,
114 verbose parsed url   hostname: null,
114 verbose parsed url   hash: null,
114 verbose parsed url   search: null,
114 verbose parsed url   query: null,
114 verbose parsed url   pathname: 'node-uuid@1.3.3',
114 verbose parsed url   path: 'node-uuid@1.3.3',
114 verbose parsed url   href: 'node-uuid@1.3.3' }
115 verbose cache add [ 'zmq@2.x', null ]
116 verbose cache add name=undefined spec="zmq@2.x" args=["zmq@2.x",null]
117 verbose parsed url { protocol: null,
117 verbose parsed url   slashes: null,
117 verbose parsed url   auth: null,
117 verbose parsed url   host: null,
117 verbose parsed url   port: null,
117 verbose parsed url   hostname: null,
117 verbose parsed url   hash: null,
117 verbose parsed url   search: null,
117 verbose parsed url   query: null,
117 verbose parsed url   pathname: 'zmq@2.x',
117 verbose parsed url   path: 'zmq@2.x',
117 verbose parsed url   href: 'zmq@2.x' }
118 verbose cache add name="underscore" spec="1.3.3" args=["underscore","1.3.3"]
119 verbose parsed url { protocol: null,
119 verbose parsed url   slashes: null,
119 verbose parsed url   auth: null,
119 verbose parsed url   host: null,
119 verbose parsed url   port: null,
119 verbose parsed url   hostname: null,
119 verbose parsed url   hash: null,
119 verbose parsed url   search: null,
119 verbose parsed url   query: null,
119 verbose parsed url   pathname: '1.3.3',
119 verbose parsed url   path: '1.3.3',
119 verbose parsed url   href: '1.3.3' }
120 verbose addNamed [ 'underscore', '1.3.3' ]
121 verbose addNamed [ '1.3.3', '1.3.3' ]
122 silly lockFile 99e765c4-underscore-1-3-3 underscore@1.3.3
123 verbose lock underscore@1.3.3 C:\Users\Chao\AppData\Roaming\npm-cache\99e765c4-underscore-1-3-3.lock
124 verbose cache add name="msgpack" spec="0.1.8" args=["msgpack","0.1.8"]
125 verbose parsed url { protocol: null,
125 verbose parsed url   slashes: null,
125 verbose parsed url   auth: null,
125 verbose parsed url   host: null,
125 verbose parsed url   port: null,
125 verbose parsed url   hostname: null,
125 verbose parsed url   hash: null,
125 verbose parsed url   search: null,
125 verbose parsed url   query: null,
125 verbose parsed url   pathname: '0.1.8',
125 verbose parsed url   path: '0.1.8',
125 verbose parsed url   href: '0.1.8' }
126 verbose addNamed [ 'msgpack', '0.1.8' ]
127 verbose addNamed [ '0.1.8', '0.1.8' ]
128 silly lockFile 2bfcf42c-msgpack-0-1-8 msgpack@0.1.8
129 verbose lock msgpack@0.1.8 C:\Users\Chao\AppData\Roaming\npm-cache\2bfcf42c-msgpack-0-1-8.lock
130 verbose cache add name="node-uuid" spec="1.3.3" args=["node-uuid","1.3.3"]
131 verbose parsed url { protocol: null,
131 verbose parsed url   slashes: null,
131 verbose parsed url   auth: null,
131 verbose parsed url   host: null,
131 verbose parsed url   port: null,
131 verbose parsed url   hostname: null,
131 verbose parsed url   hash: null,
131 verbose parsed url   search: null,
131 verbose parsed url   query: null,
131 verbose parsed url   pathname: '1.3.3',
131 verbose parsed url   path: '1.3.3',
131 verbose parsed url   href: '1.3.3' }
132 verbose addNamed [ 'node-uuid', '1.3.3' ]
133 verbose addNamed [ '1.3.3', '1.3.3' ]
134 silly lockFile 90b69d15-node-uuid-1-3-3 node-uuid@1.3.3
135 verbose lock node-uuid@1.3.3 C:\Users\Chao\AppData\Roaming\npm-cache\90b69d15-node-uuid-1-3-3.lock
136 verbose cache add name="zmq" spec="2.x" args=["zmq","2.x"]
137 verbose parsed url { protocol: null,
137 verbose parsed url   slashes: null,
137 verbose parsed url   auth: null,
137 verbose parsed url   host: null,
137 verbose parsed url   port: null,
137 verbose parsed url   hostname: null,
137 verbose parsed url   hash: null,
137 verbose parsed url   search: null,
137 verbose parsed url   query: null,
137 verbose parsed url   pathname: '2.x',
137 verbose parsed url   path: '2.x',
137 verbose parsed url   href: '2.x' }
138 verbose addNamed [ 'zmq', '2.x' ]
139 verbose addNamed [ null, '>=2.0.0-0 <3.0.0-0' ]
140 silly lockFile 1919049f-zmq-2-x zmq@2.x
141 verbose lock zmq@2.x C:\Users\Chao\AppData\Roaming\npm-cache\1919049f-zmq-2-x.lock
142 verbose request where is /msgpack
143 verbose request registry https://registry.npmjs.org/
144 verbose url raw /msgpack
145 verbose url resolving [ 'https://registry.npmjs.org/', './msgpack' ]
146 verbose url resolved https://registry.npmjs.org/msgpack
147 verbose request where is https://registry.npmjs.org/msgpack
148 info trying registry request attempt 1 at 14:58:25
149 http GET https://registry.npmjs.org/msgpack
150 silly addNameRange { name: 'zmq', range: '>=2.0.0-0 <3.0.0-0', hasData: false }
151 verbose request where is /zmq
152 verbose request registry https://registry.npmjs.org/
153 verbose url raw /zmq
154 verbose url resolving [ 'https://registry.npmjs.org/', './zmq' ]
155 verbose url resolved https://registry.npmjs.org/zmq
156 verbose request where is https://registry.npmjs.org/zmq
157 info trying registry request attempt 1 at 14:58:25
158 http GET https://registry.npmjs.org/zmq
159 verbose request where is /underscore
160 verbose request registry https://registry.npmjs.org/
161 verbose url raw /underscore
162 verbose url resolving [ 'https://registry.npmjs.org/', './underscore' ]
163 verbose url resolved https://registry.npmjs.org/underscore
164 verbose request where is https://registry.npmjs.org/underscore
165 info trying registry request attempt 1 at 14:58:25
166 verbose etag "1MTBSFCWMJ2FYRX0FI4QX2C47"
167 http GET https://registry.npmjs.org/underscore
168 verbose request where is /node-uuid
169 verbose request registry https://registry.npmjs.org/
170 verbose url raw /node-uuid
171 verbose url resolving [ 'https://registry.npmjs.org/', './node-uuid' ]
172 verbose url resolved https://registry.npmjs.org/node-uuid
173 verbose request where is https://registry.npmjs.org/node-uuid
174 info trying registry request attempt 1 at 14:58:25
175 verbose etag "94I5U49L6N3MCWKRWI19NVS44"
176 http GET https://registry.npmjs.org/node-uuid
177 http 200 https://registry.npmjs.org/underscore
178 silly registry.get cb [ 200,
178 silly registry.get   { date: 'Wed, 05 Nov 2014 22:58:26 GMT',
178 silly registry.get     server: 'CouchDB/1.5.0 (Erlang OTP/R16B03)',
178 silly registry.get     etag: '"B7MY4JU31Q88HFPC0KNK009U9"',
178 silly registry.get     'content-type': 'application/json',
178 silly registry.get     'cache-control': 'max-age=60',
178 silly registry.get     'content-length': '33135',
178 silly registry.get     'accept-ranges': 'bytes',
178 silly registry.get     via: '1.1 varnish',
178 silly registry.get     age: '56',
178 silly registry.get     'x-served-by': 'cache-sjc3124-SJC',
178 silly registry.get     'x-cache': 'HIT',
178 silly registry.get     'x-cache-hits': '7',
178 silly registry.get     'x-timer': 'S1415228306.279748,VS0,VE0',
178 silly registry.get     vary: 'Accept',
178 silly registry.get     'keep-alive': 'timeout=10, max=50',
178 silly registry.get     connection: 'Keep-Alive' } ]
179 silly lockFile a382d150--underscore-underscore-1-3-3-tgz https://registry.npmjs.org/underscore/-/underscore-1.3.3.tgz
180 verbose lock https://registry.npmjs.org/underscore/-/underscore-1.3.3.tgz C:\Users\Chao\AppData\Roaming\npm-cache\a382d150--underscore-underscore-1-3-3-tgz.lock
181 verbose addRemoteTarball [ 'https://registry.npmjs.org/underscore/-/underscore-1.3.3.tgz',
181 verbose addRemoteTarball   '47ac53683daf832bfa952e1774417da47817ae42' ]
182 info retry fetch attempt 1 at 14:58:25
183 verbose fetch to= C:\Users\Chao\AppData\Local\Temp\npm-2488-0gLq9qNS\registry.npmjs.org\underscore\-\underscore-1.3.3.tgz
184 http GET https://registry.npmjs.org/underscore/-/underscore-1.3.3.tgz
185 http 200 https://registry.npmjs.org/msgpack
186 silly registry.get cb [ 200,
186 silly registry.get   { date: 'Wed, 05 Nov 2014 22:58:26 GMT',
186 silly registry.get     server: 'CouchDB/1.5.0 (Erlang OTP/R16B03)',
186 silly registry.get     etag: '"EJHGILLP52AM8CGCF4B3EFXMQ"',
186 silly registry.get     'content-type': 'application/json',
186 silly registry.get     'cache-control': 'max-age=60',
186 silly registry.get     'content-length': '29884',
186 silly registry.get     'accept-ranges': 'bytes',
186 silly registry.get     via: '1.1 varnish',
186 silly registry.get     age: '0',
186 silly registry.get     'x-served-by': 'cache-sjc3121-SJC',
186 silly registry.get     'x-cache': 'MISS',
186 silly registry.get     'x-cache-hits': '0',
186 silly registry.get     'x-timer': 'S1415228306.337134,VS0,VE68',
186 silly registry.get     vary: 'Accept',
186 silly registry.get     'keep-alive': 'timeout=10, max=50',
186 silly registry.get     connection: 'Keep-Alive' } ]
187 silly lockFile 243fb197-js-org-msgpack-msgpack-0-1-8-tgz https://registry.npmjs.org/msgpack/-/msgpack-0.1.8.tgz
188 verbose lock https://registry.npmjs.org/msgpack/-/msgpack-0.1.8.tgz C:\Users\Chao\AppData\Roaming\npm-cache\243fb197-js-org-msgpack-msgpack-0-1-8-tgz.lock
189 verbose addRemoteTarball [ 'https://registry.npmjs.org/msgpack/-/msgpack-0.1.8.tgz',
189 verbose addRemoteTarball   'cd5c0d2277bf1659a871209ddf59f57ad1124d68' ]
190 info retry fetch attempt 1 at 14:58:25
191 verbose fetch to= C:\Users\Chao\AppData\Local\Temp\npm-2488-0gLq9qNS\registry.npmjs.org\msgpack\-\msgpack-0.1.8.tgz
192 http GET https://registry.npmjs.org/msgpack/-/msgpack-0.1.8.tgz
193 http 200 https://registry.npmjs.org/node-uuid
194 silly registry.get cb [ 200,
194 silly registry.get   { date: 'Wed, 05 Nov 2014 22:58:26 GMT',
194 silly registry.get     server: 'CouchDB/1.5.0 (Erlang OTP/R16B03)',
194 silly registry.get     etag: '"6C26KC7AA46OVPYQNKWL8Z89B"',
194 silly registry.get     'content-type': 'application/json',
194 silly registry.get     'cache-control': 'max-age=60',
194 silly registry.get     'content-length': '30891',
194 silly registry.get     'accept-ranges': 'bytes',
194 silly registry.get     via: '1.1 varnish',
194 silly registry.get     age: '52',
194 silly registry.get     'x-served-by': 'cache-sjc3127-SJC',
194 silly registry.get     'x-cache': 'HIT',
194 silly registry.get     'x-cache-hits': '57',
194 silly registry.get     'x-timer': 'S1415228306.499174,VS0,VE0',
194 silly registry.get     vary: 'Accept',
194 silly registry.get     'keep-alive': 'timeout=10, max=50',
194 silly registry.get     connection: 'Keep-Alive' } ]
195 http 200 https://registry.npmjs.org/underscore/-/underscore-1.3.3.tgz
196 silly lockFile 1bf92384-rg-node-uuid-node-uuid-1-3-3-tgz https://registry.npmjs.org/node-uuid/-/node-uuid-1.3.3.tgz
197 verbose lock https://registry.npmjs.org/node-uuid/-/node-uuid-1.3.3.tgz C:\Users\Chao\AppData\Roaming\npm-cache\1bf92384-rg-node-uuid-node-uuid-1-3-3-tgz.lock
198 verbose addRemoteTarball [ 'https://registry.npmjs.org/node-uuid/-/node-uuid-1.3.3.tgz',
198 verbose addRemoteTarball   'd3db4d7b56810d9e4032342766282af07391729b' ]
199 info retry fetch attempt 1 at 14:58:25
200 verbose fetch to= C:\Users\Chao\AppData\Local\Temp\npm-2488-0gLq9qNS\registry.npmjs.org\node-uuid\-\node-uuid-1.3.3.tgz
201 http GET https://registry.npmjs.org/node-uuid/-/node-uuid-1.3.3.tgz
202 http 200 https://registry.npmjs.org/msgpack/-/msgpack-0.1.8.tgz
203 http 200 https://registry.npmjs.org/node-uuid/-/node-uuid-1.3.3.tgz
204 http 200 https://registry.npmjs.org/zmq
205 silly registry.get cb [ 200,
205 silly registry.get   { date: 'Wed, 05 Nov 2014 22:58:26 GMT',
205 silly registry.get     server: 'CouchDB/1.5.0 (Erlang OTP/R16B03)',
205 silly registry.get     etag: '"DDUMRBVEMFNDN7QN7GA4GRI2Q"',
205 silly registry.get     'content-type': 'application/json',
205 silly registry.get     'cache-control': 'max-age=60',
205 silly registry.get     'content-length': '39705',
205 silly registry.get     'accept-ranges': 'bytes',
205 silly registry.get     via: '1.1 varnish',
205 silly registry.get     age: '0',
205 silly registry.get     'x-served-by': 'cache-sjc3134-SJC',
205 silly registry.get     'x-cache': 'HIT',
205 silly registry.get     'x-cache-hits': '1',
205 silly registry.get     'x-timer': 'S1415228306.332035,VS0,VE355',
205 silly registry.get     vary: 'Accept',
205 silly registry.get     'keep-alive': 'timeout=10, max=50',
205 silly registry.get     connection: 'Keep-Alive' } ]
206 silly addNameRange number 2 { name: 'zmq', range: '>=2.0.0-0 <3.0.0-0', hasData: true }
207 silly addNameRange versions [ 'zmq',
207 silly addNameRange   [ '1.0.0',
207 silly addNameRange     '1.0.1',
207 silly addNameRange     '1.0.2',
207 silly addNameRange     '1.0.3',
207 silly addNameRange     '1.0.4',
207 silly addNameRange     '2.0.0',
207 silly addNameRange     '2.0.1',
207 silly addNameRange     '2.0.2',
207 silly addNameRange     '2.0.3',
207 silly addNameRange     '2.1.0',
207 silly addNameRange     '2.2.0',
207 silly addNameRange     '2.3.0',
207 silly addNameRange     '2.4.0',
207 silly addNameRange     '2.5.0',
207 silly addNameRange     '2.5.1',
207 silly addNameRange     '2.6.0',
207 silly addNameRange     '2.7.0',
207 silly addNameRange     '2.8.0' ] ]
208 verbose addNamed [ 'zmq', '2.8.0' ]
209 verbose addNamed [ '2.8.0', '2.8.0' ]
210 silly lockFile d99a279c-zmq-2-8-0 zmq@2.8.0
211 verbose lock zmq@2.8.0 C:\Users\Chao\AppData\Roaming\npm-cache\d99a279c-zmq-2-8-0.lock
212 silly lockFile 1bf92384-rg-node-uuid-node-uuid-1-3-3-tgz https://registry.npmjs.org/node-uuid/-/node-uuid-1.3.3.tgz
213 silly lockFile 1bf92384-rg-node-uuid-node-uuid-1-3-3-tgz https://registry.npmjs.org/node-uuid/-/node-uuid-1.3.3.tgz
214 silly lockFile 90b69d15-node-uuid-1-3-3 node-uuid@1.3.3
215 silly lockFile 90b69d15-node-uuid-1-3-3 node-uuid@1.3.3
216 silly lockFile bb9cb26f-stry-npmjs-org-zmq-zmq-2-8-0-tgz https://registry.npmjs.org/zmq/-/zmq-2.8.0.tgz
217 verbose lock https://registry.npmjs.org/zmq/-/zmq-2.8.0.tgz C:\Users\Chao\AppData\Roaming\npm-cache\bb9cb26f-stry-npmjs-org-zmq-zmq-2-8-0-tgz.lock
218 verbose addRemoteTarball [ 'https://registry.npmjs.org/zmq/-/zmq-2.8.0.tgz',
218 verbose addRemoteTarball   'a743a05b5a5a824ef6f98fe9e493dc1d20a28f4e' ]
219 silly lockFile 243fb197-js-org-msgpack-msgpack-0-1-8-tgz https://registry.npmjs.org/msgpack/-/msgpack-0.1.8.tgz
220 silly lockFile 243fb197-js-org-msgpack-msgpack-0-1-8-tgz https://registry.npmjs.org/msgpack/-/msgpack-0.1.8.tgz
221 info retry fetch attempt 1 at 14:58:25
222 verbose fetch to= C:\Users\Chao\AppData\Local\Temp\npm-2488-0gLq9qNS\registry.npmjs.org\zmq\-\zmq-2.8.0.tgz
223 silly lockFile 2bfcf42c-msgpack-0-1-8 msgpack@0.1.8
224 silly lockFile 2bfcf42c-msgpack-0-1-8 msgpack@0.1.8
225 http GET https://registry.npmjs.org/zmq/-/zmq-2.8.0.tgz
226 silly lockFile a382d150--underscore-underscore-1-3-3-tgz https://registry.npmjs.org/underscore/-/underscore-1.3.3.tgz
227 silly lockFile a382d150--underscore-underscore-1-3-3-tgz https://registry.npmjs.org/underscore/-/underscore-1.3.3.tgz
228 silly lockFile 99e765c4-underscore-1-3-3 underscore@1.3.3
229 silly lockFile 99e765c4-underscore-1-3-3 underscore@1.3.3
230 http 200 https://registry.npmjs.org/zmq/-/zmq-2.8.0.tgz
231 silly lockFile bb9cb26f-stry-npmjs-org-zmq-zmq-2-8-0-tgz https://registry.npmjs.org/zmq/-/zmq-2.8.0.tgz
232 silly lockFile bb9cb26f-stry-npmjs-org-zmq-zmq-2-8-0-tgz https://registry.npmjs.org/zmq/-/zmq-2.8.0.tgz
233 silly lockFile d99a279c-zmq-2-8-0 zmq@2.8.0
234 silly lockFile d99a279c-zmq-2-8-0 zmq@2.8.0
235 silly lockFile 1919049f-zmq-2-x zmq@2.x
236 silly lockFile 1919049f-zmq-2-x zmq@2.x
237 silly resolved [ { name: 'node-uuid',
237 silly resolved     description: 'Rigorous implementation of RFC4122 (v1 and v4) UUIDs.',
237 silly resolved     url: 'http://github.com/broofa/node-uuid',
237 silly resolved     keywords: [ 'uuid', 'guid', 'rfc4122' ],
237 silly resolved     author: { name: 'Robert Kieffer', email: 'robert@broofa.com' },
237 silly resolved     contributors: [ [Object] ],
237 silly resolved     lib: '.',
237 silly resolved     main: './uuid.js',
237 silly resolved     repository: { type: 'git', url: 'git://github.com/broofa/node-uuid.git' },
237 silly resolved     version: '1.3.3',
237 silly resolved     _npmUser: { name: 'broofa', email: 'robert@broofa.com' },
237 silly resolved     _id: 'node-uuid@1.3.3',
237 silly resolved     dependencies: {},
237 silly resolved     devDependencies: {},
237 silly resolved     engines: { node: '*' },
237 silly resolved     _engineSupported: true,
237 silly resolved     _npmVersion: '1.0.106',
237 silly resolved     _nodeVersion: 'v0.4.6',
237 silly resolved     _defaultsLoaded: true,
237 silly resolved     dist:
237 silly resolved      { shasum: 'd3db4d7b56810d9e4032342766282af07391729b',
237 silly resolved        tarball: 'http://registry.npmjs.org/node-uuid/-/node-uuid-1.3.3.tgz' },
237 silly resolved     maintainers: [ [Object] ],
237 silly resolved     directories: {},
237 silly resolved     _shasum: 'd3db4d7b56810d9e4032342766282af07391729b',
237 silly resolved     _from: 'node-uuid@1.3.3',
237 silly resolved     _resolved: 'https://registry.npmjs.org/node-uuid/-/node-uuid-1.3.3.tgz' },
237 silly resolved   { name: 'msgpack',
237 silly resolved     description: 'A space-efficient object serialization library for node.js',
237 silly resolved     version: '0.1.8',
237 silly resolved     homepage: 'https://github.com/pgriess/node-msgpack',
237 silly resolved     author: { name: 'Peter Griess', email: 'pg@std.in' },
237 silly resolved     contributors: [ [Object], [Object] ],
237 silly resolved     repository:
237 silly resolved      { type: 'git',
237 silly resolved        url: 'https://github.com/pgriess/node-msgpack.git' },
237 silly resolved     main: './lib/msgpack',
237 silly resolved     directories: { lib: 'lib' },
237 silly resolved     engines: { node: '>=0.8.x' },
237 silly resolved     bin:
237 silly resolved      { json2msgpack: './bin/json2msgpack',
237 silly resolved        msgpack2json: './bin/msgpack2json' },
237 silly resolved     scripts: { install: 'node-gyp rebuild' },
237 silly resolved     gypfile: true,
237 silly resolved     _id: 'msgpack@0.1.8',
237 silly resolved     dist:
237 silly resolved      { shasum: 'cd5c0d2277bf1659a871209ddf59f57ad1124d68',
237 silly resolved        tarball: 'http://registry.npmjs.org/msgpack/-/msgpack-0.1.8.tgz' },
237 silly resolved     _npmVersion: '1.1.59',
237 silly resolved     _npmUser: { name: 'godsflaw', email: 'chris@dod.net' },
237 silly resolved     maintainers: [ [Object], [Object], [Object] ],
237 silly resolved     _shasum: 'cd5c0d2277bf1659a871209ddf59f57ad1124d68',
237 silly resolved     _from: 'msgpack@0.1.8',
237 silly resolved     _resolved: 'https://registry.npmjs.org/msgpack/-/msgpack-0.1.8.tgz' },
237 silly resolved   { name: 'underscore',
237 silly resolved     description: 'JavaScript\'s functional programming helper library.',
237 silly resolved     homepage: 'http://documentcloud.github.com/underscore/',
237 silly resolved     keywords: [ 'util', 'functional', 'server', 'client', 'browser' ],
237 silly resolved     author: { name: 'Jeremy Ashkenas', email: 'jeremy@documentcloud.org' },
237 silly resolved     repository:
237 silly resolved      { type: 'git',
237 silly resolved        url: 'git://github.com/documentcloud/underscore.git' },
237 silly resolved     main: 'underscore.js',
237 silly resolved     version: '1.3.3',
237 silly resolved     _npmUser: { name: 'jashkenas', email: 'jashkenas@gmail.com' },
237 silly resolved     _id: 'underscore@1.3.3',
237 silly resolved     dependencies: {},
237 silly resolved     devDependencies: {},
237 silly resolved     optionalDependencies: {},
237 silly resolved     engines: { node: '*' },
237 silly resolved     _engineSupported: true,
237 silly resolved     _npmVersion: '1.1.1',
237 silly resolved     _nodeVersion: 'v0.6.11',
237 silly resolved     _defaultsLoaded: true,
237 silly resolved     dist:
237 silly resolved      { shasum: '47ac53683daf832bfa952e1774417da47817ae42',
237 silly resolved        tarball: 'http://registry.npmjs.org/underscore/-/underscore-1.3.3.tgz' },
237 silly resolved     maintainers: [ [Object], [Object] ],
237 silly resolved     directories: {},
237 silly resolved     _shasum: '47ac53683daf832bfa952e1774417da47817ae42',
237 silly resolved     _from: 'underscore@1.3.3',
237 silly resolved     _resolved: 'https://registry.npmjs.org/underscore/-/underscore-1.3.3.tgz' },
237 silly resolved   { name: 'zmq',
237 silly resolved     version: '2.8.0',
237 silly resolved     description: 'Bindings for node.js to zeromq',
237 silly resolved     main: 'index',
237 silly resolved     repository:
237 silly resolved      { type: 'git',
237 silly resolved        url: 'http://github.com/JustinTulloss/zeromq.node.git' },
237 silly resolved     dependencies: { nan: '~1.3.0', bindings: '~1.1.1' },
237 silly resolved     devDependencies:
237 silly resolved      { should: '2.1.x',
237 silly resolved        batch: '*',
237 silly resolved        jade: '*',
237 silly resolved        dox: '*',
237 silly resolved        semver: '*',
237 silly resolved        mocha: '~1.13.0' },
237 silly resolved     engines: { node: '>=0.7.9' },
237 silly resolved     scripts: { test: 'make test', install: 'node-gyp rebuild' },
237 silly resolved     keywords:
237 silly resolved      [ 'zeromq',
237 silly resolved        'zmq',
237 silly resolved        '0mq',
237 silly resolved        'ømq',
237 silly resolved        'libzmq',
237 silly resolved        'native',
237 silly resolved        'binding',
237 silly resolved        'addon' ],
237 silly resolved     author:
237 silly resolved      { name: 'Justin Tulloss',
237 silly resolved        email: 'justin.tulloss@gmail.com',
237 silly resolved        url: 'http://justin.harmonize.fm' },
237 silly resolved     contributors:
237 silly resolved      [ [Object],
237 silly resolved        [Object],
237 silly resolved        [Object],
237 silly resolved        [Object],
237 silly resolved        [Object],
237 silly resolved        [Object],
237 silly resolved        [Object],
237 silly resolved        [Object],
237 silly resolved        [Object],
237 silly resolved        [Object],
237 silly resolved        [Object],
237 silly resolved        [Object],
237 silly resolved        [Object],
237 silly resolved        [Object],
237 silly resolved        [Object],
237 silly resolved        [Object],
237 silly resolved        [Object],
237 silly resolved        [Object],
237 silly resolved        [Object],
237 silly resolved        [Object],
237 silly resolved        [Object],
237 silly resolved        [Object],
237 silly resolved        [Object],
237 silly resolved        [Object],
237 silly resolved        [Object],
237 silly resolved        [Object],
237 silly resolved        [Object],
237 silly resolved        [Object],
237 silly resolved        [Object],
237 silly resolved        [Object] ],
237 silly resolved     gypfile: true,
237 silly resolved     bugs: { url: 'https://github.com/JustinTulloss/zeromq.node/issues' },
237 silly resolved     _id: 'zmq@2.8.0',
237 silly resolved     dist:
237 silly resolved      { shasum: 'a743a05b5a5a824ef6f98fe9e493dc1d20a28f4e',
237 silly resolved        tarball: 'http://registry.npmjs.org/zmq/-/zmq-2.8.0.tgz' },
237 silly resolved     _from: 'zmq@2.x',
237 silly resolved     _npmVersion: '1.2.30',
237 silly resolved     _npmUser: { name: 'ronkorving', email: 'ron@ronkorving.nl' },
237 silly resolved     maintainers: [ [Object], [Object], [Object] ],
237 silly resolved     directories: {},
237 silly resolved     _shasum: 'a743a05b5a5a824ef6f98fe9e493dc1d20a28f4e',
237 silly resolved     _resolved: 'https://registry.npmjs.org/zmq/-/zmq-2.8.0.tgz' } ]
238 info install node-uuid@1.3.3 into C:\Users\Chao\Documents\GitHub\webAppEKGAPI\node_modules\zerorpc
239 info install msgpack@0.1.8 into C:\Users\Chao\Documents\GitHub\webAppEKGAPI\node_modules\zerorpc
240 info install underscore@1.3.3 into C:\Users\Chao\Documents\GitHub\webAppEKGAPI\node_modules\zerorpc
241 info install zmq@2.8.0 into C:\Users\Chao\Documents\GitHub\webAppEKGAPI\node_modules\zerorpc
242 info installOne node-uuid@1.3.3
243 info installOne msgpack@0.1.8
244 info installOne underscore@1.3.3
245 info installOne zmq@2.8.0
246 verbose node_modules\zerorpc\node_modules\node-uuid unbuild
247 verbose node_modules\zerorpc\node_modules\msgpack unbuild
248 verbose node_modules\zerorpc\node_modules\underscore unbuild
249 verbose node_modules\zerorpc\node_modules\zmq unbuild
250 verbose tar unpack C:\Users\Chao\AppData\Roaming\npm-cache\node-uuid\1.3.3\package.tgz
251 silly lockFile 9acf51cd-s-zerorpc-node-modules-node-uuid tar://C:\Users\Chao\Documents\GitHub\webAppEKGAPI\node_modules\zerorpc\node_modules\node-uuid
252 verbose lock tar://C:\Users\Chao\Documents\GitHub\webAppEKGAPI\node_modules\zerorpc\node_modules\node-uuid C:\Users\Chao\AppData\Roaming\npm-cache\9acf51cd-s-zerorpc-node-modules-node-uuid.lock
253 silly lockFile 0fdee5f3-ache-node-uuid-1-3-3-package-tgz tar://C:\Users\Chao\AppData\Roaming\npm-cache\node-uuid\1.3.3\package.tgz
254 verbose lock tar://C:\Users\Chao\AppData\Roaming\npm-cache\node-uuid\1.3.3\package.tgz C:\Users\Chao\AppData\Roaming\npm-cache\0fdee5f3-ache-node-uuid-1-3-3-package-tgz.lock
255 verbose tar unpack C:\Users\Chao\AppData\Roaming\npm-cache\msgpack\0.1.8\package.tgz
256 silly lockFile 31b2932c-les-zerorpc-node-modules-msgpack tar://C:\Users\Chao\Documents\GitHub\webAppEKGAPI\node_modules\zerorpc\node_modules\msgpack
257 verbose lock tar://C:\Users\Chao\Documents\GitHub\webAppEKGAPI\node_modules\zerorpc\node_modules\msgpack C:\Users\Chao\AppData\Roaming\npm-cache\31b2932c-les-zerorpc-node-modules-msgpack.lock
258 silly lockFile ba9aa51e--cache-msgpack-0-1-8-package-tgz tar://C:\Users\Chao\AppData\Roaming\npm-cache\msgpack\0.1.8\package.tgz
259 verbose lock tar://C:\Users\Chao\AppData\Roaming\npm-cache\msgpack\0.1.8\package.tgz C:\Users\Chao\AppData\Roaming\npm-cache\ba9aa51e--cache-msgpack-0-1-8-package-tgz.lock
260 verbose tar unpack C:\Users\Chao\AppData\Roaming\npm-cache\underscore\1.3.3\package.tgz
261 silly lockFile cc8cdb38--zerorpc-node-modules-underscore tar://C:\Users\Chao\Documents\GitHub\webAppEKGAPI\node_modules\zerorpc\node_modules\underscore
262 verbose lock tar://C:\Users\Chao\Documents\GitHub\webAppEKGAPI\node_modules\zerorpc\node_modules\underscore C:\Users\Chao\AppData\Roaming\npm-cache\cc8cdb38--zerorpc-node-modules-underscore.lock
263 silly lockFile 5fda62fb-che-underscore-1-3-3-package-tgz tar://C:\Users\Chao\AppData\Roaming\npm-cache\underscore\1.3.3\package.tgz
264 verbose lock tar://C:\Users\Chao\AppData\Roaming\npm-cache\underscore\1.3.3\package.tgz C:\Users\Chao\AppData\Roaming\npm-cache\5fda62fb-che-underscore-1-3-3-package-tgz.lock
265 verbose tar unpack C:\Users\Chao\AppData\Roaming\npm-cache\zmq\2.8.0\package.tgz
266 silly lockFile 785b20bb-modules-zerorpc-node-modules-zmq tar://C:\Users\Chao\Documents\GitHub\webAppEKGAPI\node_modules\zerorpc\node_modules\zmq
267 verbose lock tar://C:\Users\Chao\Documents\GitHub\webAppEKGAPI\node_modules\zerorpc\node_modules\zmq C:\Users\Chao\AppData\Roaming\npm-cache\785b20bb-modules-zerorpc-node-modules-zmq.lock
268 silly lockFile 3179a15e--npm-cache-zmq-2-8-0-package-tgz tar://C:\Users\Chao\AppData\Roaming\npm-cache\zmq\2.8.0\package.tgz
269 verbose lock tar://C:\Users\Chao\AppData\Roaming\npm-cache\zmq\2.8.0\package.tgz C:\Users\Chao\AppData\Roaming\npm-cache\3179a15e--npm-cache-zmq-2-8-0-package-tgz.lock
270 silly gunzTarPerm modes [ '777', '666' ]
271 silly gunzTarPerm modes [ '777', '666' ]
272 silly gunzTarPerm modes [ '777', '666' ]
273 silly gunzTarPerm modes [ '777', '666' ]
274 silly gunzTarPerm extractEntry uuid.js
275 silly gunzTarPerm modified mode [ 'uuid.js', 420, 438 ]
276 silly gunzTarPerm extractEntry package.json
277 silly gunzTarPerm extractEntry .npmignore
278 silly gunzTarPerm modified mode [ '.npmignore', 420, 438 ]
279 silly gunzTarPerm extractEntry package.json
280 silly gunzTarPerm modified mode [ 'package.json', 420, 438 ]
281 silly gunzTarPerm extractEntry package.json
282 silly gunzTarPerm modified mode [ 'package.json', 420, 438 ]
283 silly gunzTarPerm extractEntry LICENSE.md
284 silly gunzTarPerm modified mode [ 'LICENSE.md', 420, 438 ]
285 silly gunzTarPerm extractEntry .npmignore
286 silly gunzTarPerm extractEntry README.md
287 silly gunzTarPerm extractEntry CNAME
288 silly gunzTarPerm modified mode [ 'CNAME', 420, 438 ]
289 silly gunzTarPerm extractEntry favicon.ico
290 silly gunzTarPerm modified mode [ 'favicon.ico', 493, 511 ]
291 silly gunzTarPerm extractEntry .npmignore
292 silly gunzTarPerm modified mode [ '.npmignore', 420, 438 ]
293 silly gunzTarPerm extractEntry README.md
294 silly gunzTarPerm modified mode [ 'README.md', 420, 438 ]
295 silly gunzTarPerm extractEntry index.html
296 silly gunzTarPerm modified mode [ 'index.html', 420, 438 ]
297 silly gunzTarPerm extractEntry index.js
298 silly gunzTarPerm modified mode [ 'index.js', 420, 438 ]
299 silly gunzTarPerm extractEntry LICENSE
300 silly gunzTarPerm extractEntry bench.js
301 silly gunzTarPerm extractEntry LICENSE
302 silly gunzTarPerm modified mode [ 'LICENSE', 420, 438 ]
303 silly gunzTarPerm extractEntry index.js
304 silly gunzTarPerm modified mode [ 'index.js', 420, 438 ]
305 silly gunzTarPerm extractEntry .gitignore
306 silly gunzTarPerm modified mode [ '.gitignore', 420, 438 ]
307 silly gunzTarPerm extractEntry README.md
308 silly gunzTarPerm modified mode [ 'README.md', 420, 438 ]
309 silly gunzTarPerm extractEntry LICENSE
310 silly gunzTarPerm modified mode [ 'LICENSE', 420, 438 ]
311 silly gunzTarPerm extractEntry package.json
312 silly gunzTarPerm modified mode [ 'package.json', 420, 438 ]
313 silly gunzTarPerm extractEntry test/test-stream-disjoint.js
314 silly gunzTarPerm extractEntry test/test-stream.js
315 silly gunzTarPerm extractEntry examples/dealer_router.js
316 silly gunzTarPerm modified mode [ 'examples/dealer_router.js', 420, 438 ]
317 silly gunzTarPerm extractEntry examples/pub_sub.js
318 silly gunzTarPerm modified mode [ 'examples/pub_sub.js', 420, 438 ]
319 silly gunzTarPerm extractEntry test/test.js
320 silly gunzTarPerm modified mode [ 'test/test.js', 420, 438 ]
321 silly gunzTarPerm extractEntry raw/
322 silly gunzTarPerm modified mode [ 'raw/', 493, 511 ]
323 silly gunzTarPerm extractEntry raw/underscore.psd
324 silly gunzTarPerm modified mode [ 'raw/underscore.psd', 420, 438 ]
325 silly gunzTarPerm extractEntry README.md
326 silly gunzTarPerm modified mode [ 'README.md', 420, 438 ]
327 silly gunzTarPerm extractEntry examples/push_pull.js
328 silly gunzTarPerm modified mode [ 'examples/push_pull.js', 420, 438 ]
329 silly gunzTarPerm extractEntry examples/rep_req.js
330 silly gunzTarPerm modified mode [ 'examples/rep_req.js', 420, 438 ]
331 silly gunzTarPerm extractEntry test/test-unpack-extra.js
332 silly gunzTarPerm extractEntry test/test.js
333 silly gunzTarPerm extractEntry test/compare_v1.js
334 silly gunzTarPerm modified mode [ 'test/compare_v1.js', 420, 438 ]
335 silly gunzTarPerm extractEntry test/test.html
336 silly gunzTarPerm modified mode [ 'test/test.html', 420, 438 ]
337 silly gunzTarPerm extractEntry examples/req_rep.js
338 silly gunzTarPerm modified mode [ 'examples/req_rep.js', 420, 438 ]
339 silly gunzTarPerm extractEntry benchmark/benchmark.js
340 silly gunzTarPerm modified mode [ 'benchmark/benchmark.js', 420, 438 ]
341 silly gunzTarPerm extractEntry benchmark/bench.gnu
342 silly gunzTarPerm modified mode [ 'benchmark/bench.gnu', 420, 438 ]
343 silly gunzTarPerm extractEntry underscore-min.js
344 silly gunzTarPerm modified mode [ 'underscore-min.js', 420, 438 ]
345 silly gunzTarPerm extractEntry bin/json2msgpack
346 silly gunzTarPerm extractEntry bin/msgpack2json
347 silly gunzTarPerm extractEntry examples/router_dealer.js
348 silly gunzTarPerm modified mode [ 'examples/router_dealer.js', 420, 438 ]
349 silly gunzTarPerm extractEntry examples/rpc.js
350 silly gunzTarPerm modified mode [ 'examples/rpc.js', 420, 438 ]
351 silly gunzTarPerm extractEntry benchmark/bench.sh
352 silly gunzTarPerm modified mode [ 'benchmark/bench.sh', 493, 511 ]
353 silly gunzTarPerm extractEntry benchmark/README.md
354 silly gunzTarPerm modified mode [ 'benchmark/README.md', 420, 438 ]
355 silly gunzTarPerm extractEntry binding.gyp
356 silly gunzTarPerm extractEntry deps/msgpack/LICENSE
357 silly gunzTarPerm extractEntry underscore.js
358 silly gunzTarPerm modified mode [ 'underscore.js', 420, 438 ]
359 silly gunzTarPerm extractEntry examples/devices/forwarder.js
360 silly gunzTarPerm modified mode [ 'examples/devices/forwarder.js', 420, 438 ]
361 silly gunzTarPerm extractEntry examples/devices/queue.js
362 silly gunzTarPerm modified mode [ 'examples/devices/queue.js', 420, 438 ]
363 silly gunzTarPerm extractEntry deps/msgpack/msgpack.hpp
364 silly gunzTarPerm extractEntry deps/msgpack/gcc_atomic.cpp
365 silly gunzTarPerm extractEntry examples/devices/streamer.js
366 silly gunzTarPerm modified mode [ 'examples/devices/streamer.js', 420, 438 ]
367 silly gunzTarPerm extractEntry examples/workers/producer.js
368 silly gunzTarPerm modified mode [ 'examples/workers/producer.js', 420, 438 ]
369 silly gunzTarPerm extractEntry benchmark/benchmark-native.c
370 silly gunzTarPerm modified mode [ 'benchmark/benchmark-native.c', 420, 438 ]
371 silly gunzTarPerm extractEntry deps/msgpack/AUTHORS
372 silly gunzTarPerm extractEntry deps/msgpack/msgpack/unpack.h
373 silly gunzTarPerm extractEntry examples/workers/worker.js
374 silly gunzTarPerm modified mode [ 'examples/workers/worker.js', 420, 438 ]
375 silly gunzTarPerm extractEntry History.md
376 silly gunzTarPerm modified mode [ 'History.md', 420, 438 ]
377 silly gunzTarPerm extractEntry deps/msgpack/msgpack/object.h
378 silly gunzTarPerm extractEntry deps/msgpack/msgpack/pack.h
379 silly gunzTarPerm extractEntry windows/include/zmq.h
380 silly gunzTarPerm modified mode [ 'windows/include/zmq.h', 420, 438 ]
381 silly gunzTarPerm extractEntry windows/include/zmq_utils.h
382 silly gunzTarPerm modified mode [ 'windows/include/zmq_utils.h', 420, 438 ]
383 silly gunzTarPerm extractEntry deps/msgpack/msgpack/pack.hpp
384 silly gunzTarPerm extractEntry deps/msgpack/msgpack/pack_define.h
385 silly gunzTarPerm extractEntry windows/lib/x64/libzmq-v100-mt-3_2_2.dll
386 silly gunzTarPerm modified mode [ 'windows/lib/x64/libzmq-v100-mt-3_2_2.dll', 420, 438 ]
387 silly gunzTarPerm extractEntry deps/msgpack/msgpack/pack_template.h
388 silly gunzTarPerm extractEntry deps/msgpack/msgpack/sbuffer.h
389 silly gunzTarPerm extractEntry deps/msgpack/msgpack/sbuffer.hpp
390 silly gunzTarPerm extractEntry deps/msgpack/msgpack/sysdep.h
391 silly gunzTarPerm extractEntry windows/lib/x64/libzmq-v100-mt-3_2_2.lib
392 silly gunzTarPerm modified mode [ 'windows/lib/x64/libzmq-v100-mt-3_2_2.lib', 420, 438 ]
393 silly gunzTarPerm extractEntry windows/lib/x86/libzmq-v100-mt-3_2_2.dll
394 silly gunzTarPerm modified mode [ 'windows/lib/x86/libzmq-v100-mt-3_2_2.dll', 420, 438 ]
395 silly gunzTarPerm extractEntry deps/msgpack/msgpack/type/nil.hpp
396 silly gunzTarPerm extractEntry deps/msgpack/msgpack/type/bool.hpp
397 silly gunzTarPerm extractEntry windows/lib/x86/libzmq-v100-mt-3_2_2.lib
398 silly gunzTarPerm modified mode [ 'windows/lib/x86/libzmq-v100-mt-3_2_2.lib', 420, 438 ]
399 silly gunzTarPerm extractEntry .travis.yml
400 silly gunzTarPerm modified mode [ '.travis.yml', 420, 438 ]
401 silly gunzTarPerm extractEntry binding.cc
402 silly gunzTarPerm modified mode [ 'binding.cc', 420, 438 ]
403 silly gunzTarPerm extractEntry deps/msgpack/msgpack/type/deque.hpp
404 silly gunzTarPerm extractEntry deps/msgpack/msgpack/type/fixint.hpp
405 silly lockFile 9acf51cd-s-zerorpc-node-modules-node-uuid tar://C:\Users\Chao\Documents\GitHub\webAppEKGAPI\node_modules\zerorpc\node_modules\node-uuid
406 silly lockFile 9acf51cd-s-zerorpc-node-modules-node-uuid tar://C:\Users\Chao\Documents\GitHub\webAppEKGAPI\node_modules\zerorpc\node_modules\node-uuid
407 silly lockFile 0fdee5f3-ache-node-uuid-1-3-3-package-tgz tar://C:\Users\Chao\AppData\Roaming\npm-cache\node-uuid\1.3.3\package.tgz
408 silly lockFile 0fdee5f3-ache-node-uuid-1-3-3-package-tgz tar://C:\Users\Chao\AppData\Roaming\npm-cache\node-uuid\1.3.3\package.tgz
409 silly gunzTarPerm extractEntry Makefile
410 silly gunzTarPerm modified mode [ 'Makefile', 420, 438 ]
411 info preinstall node-uuid@1.3.3
412 verbose readDependencies using package.json deps
413 verbose readDependencies using package.json deps
414 silly resolved []
415 verbose about to build C:\Users\Chao\Documents\GitHub\webAppEKGAPI\node_modules\zerorpc\node_modules\node-uuid
416 info build C:\Users\Chao\Documents\GitHub\webAppEKGAPI\node_modules\zerorpc\node_modules\node-uuid
417 verbose linkStuff [ false,
417 verbose linkStuff   false,
417 verbose linkStuff   false,
417 verbose linkStuff   'C:\\Users\\Chao\\Documents\\GitHub\\webAppEKGAPI\\node_modules\\zerorpc\\node_modules' ]
418 info linkStuff node-uuid@1.3.3
419 verbose linkBins node-uuid@1.3.3
420 verbose linkMans node-uuid@1.3.3
421 verbose rebuildBundles node-uuid@1.3.3
422 silly gunzTarPerm extractEntry deps/msgpack/msgpack/type/float.hpp
423 silly gunzTarPerm extractEntry deps/msgpack/msgpack/type/int.hpp
424 info install node-uuid@1.3.3
425 silly gunzTarPerm extractEntry binding.gyp
426 silly gunzTarPerm modified mode [ 'binding.gyp', 420, 438 ]
427 silly gunzTarPerm extractEntry perf/local_lat.js
428 silly gunzTarPerm modified mode [ 'perf/local_lat.js', 420, 438 ]
429 info postinstall node-uuid@1.3.3
430 silly gunzTarPerm extractEntry deps/msgpack/msgpack/type/list.hpp
431 silly gunzTarPerm extractEntry deps/msgpack/msgpack/type/map.hpp
432 silly gunzTarPerm extractEntry perf/local_thr.js
433 silly gunzTarPerm modified mode [ 'perf/local_thr.js', 420, 438 ]
434 silly gunzTarPerm extractEntry perf/remote_lat.js
435 silly gunzTarPerm modified mode [ 'perf/remote_lat.js', 420, 438 ]
436 silly gunzTarPerm extractEntry deps/msgpack/msgpack/type/define.hpp
437 silly gunzTarPerm extractEntry deps/msgpack/msgpack/type/pair.hpp
438 silly gunzTarPerm extractEntry perf/remote_thr.js
439 silly gunzTarPerm modified mode [ 'perf/remote_thr.js', 420, 438 ]
440 silly gunzTarPerm extractEntry docs/highlight.js
441 silly gunzTarPerm modified mode [ 'docs/highlight.js', 420, 438 ]
442 silly gunzTarPerm extractEntry docs/menu.js
443 silly gunzTarPerm modified mode [ 'docs/menu.js', 420, 438 ]
444 silly gunzTarPerm extractEntry docs/index.html
445 silly gunzTarPerm modified mode [ 'docs/index.html', 420, 438 ]
446 silly gunzTarPerm extractEntry deps/msgpack/msgpack/type/raw.hpp
447 silly gunzTarPerm extractEntry deps/msgpack/msgpack/type/set.hpp
448 silly gunzTarPerm extractEntry deps/msgpack/msgpack/type/string.hpp
449 silly gunzTarPerm extractEntry deps/msgpack/msgpack/type/tr1/unordered_map.hpp
450 silly gunzTarPerm extractEntry docs/index.json
451 silly gunzTarPerm modified mode [ 'docs/index.json', 420, 438 ]
452 silly gunzTarPerm extractEntry docs/style.css
453 silly gunzTarPerm modified mode [ 'docs/style.css', 420, 438 ]
454 silly gunzTarPerm extractEntry deps/msgpack/msgpack/type/tr1/unordered_set.hpp
455 silly gunzTarPerm extractEntry deps/msgpack/msgpack/type/tuple.hpp
456 silly gunzTarPerm extractEntry docs/template.jade
457 silly gunzTarPerm modified mode [ 'docs/template.jade', 420, 438 ]
458 silly gunzTarPerm extractEntry test/context.js
459 silly gunzTarPerm modified mode [ 'test/context.js', 420, 438 ]
460 silly gunzTarPerm extractEntry test/socket.zap.js
461 silly gunzTarPerm modified mode [ 'test/socket.zap.js', 420, 438 ]
462 silly gunzTarPerm extractEntry test/socket.events.js
463 silly gunzTarPerm modified mode [ 'test/socket.events.js', 420, 438 ]
464 silly gunzTarPerm extractEntry test/socket.js
465 silly gunzTarPerm modified mode [ 'test/socket.js', 420, 438 ]
466 silly gunzTarPerm extractEntry deps/msgpack/msgpack/type/vector.hpp
467 silly gunzTarPerm extractEntry test/socket.messages.js
468 silly gunzTarPerm modified mode [ 'test/socket.messages.js', 420, 438 ]
469 silly gunzTarPerm extractEntry deps/msgpack/msgpack/type.hpp
470 silly gunzTarPerm extractEntry deps/msgpack/msgpack/object.hpp
471 silly gunzTarPerm extractEntry deps/msgpack/msgpack/unpack.hpp
472 silly gunzTarPerm extractEntry test/gc.js
473 silly gunzTarPerm modified mode [ 'test/gc.js', 420, 438 ]
474 silly gunzTarPerm extractEntry deps/msgpack/msgpack/unpack_define.h
475 silly gunzTarPerm extractEntry test/socket.pub-sub.js
476 silly gunzTarPerm modified mode [ 'test/socket.pub-sub.js', 420, 438 ]
477 silly gunzTarPerm extractEntry test/socket.push-pull.js
478 silly gunzTarPerm modified mode [ 'test/socket.push-pull.js', 420, 438 ]
479 silly gunzTarPerm extractEntry deps/msgpack/msgpack/unpack_template.h
480 silly gunzTarPerm extractEntry deps/msgpack/msgpack/version.h
481 silly gunzTarPerm extractEntry test/socket.req-rep.js
482 silly gunzTarPerm modified mode [ 'test/socket.req-rep.js', 420, 438 ]
483 silly gunzTarPerm extractEntry test/socket.router.js
484 silly gunzTarPerm modified mode [ 'test/socket.router.js', 420, 438 ]
485 silly gunzTarPerm extractEntry test/socket.unbind.js
486 silly gunzTarPerm modified mode [ 'test/socket.unbind.js', 420, 438 ]
487 silly gunzTarPerm extractEntry deps/msgpack/msgpack/vrefbuffer.h
488 silly gunzTarPerm extractEntry deps/msgpack/msgpack/vrefbuffer.hpp
489 silly gunzTarPerm extractEntry test/exports.js
490 silly gunzTarPerm modified mode [ 'test/exports.js', 420, 438 ]
491 silly lockFile cc8cdb38--zerorpc-node-modules-underscore tar://C:\Users\Chao\Documents\GitHub\webAppEKGAPI\node_modules\zerorpc\node_modules\underscore
492 silly lockFile cc8cdb38--zerorpc-node-modules-underscore tar://C:\Users\Chao\Documents\GitHub\webAppEKGAPI\node_modules\zerorpc\node_modules\underscore
493 silly gunzTarPerm extractEntry deps/msgpack/msgpack/zbuffer.h
494 silly gunzTarPerm extractEntry deps/msgpack/msgpack/zbuffer.hpp
495 silly lockFile 5fda62fb-che-underscore-1-3-3-package-tgz tar://C:\Users\Chao\AppData\Roaming\npm-cache\underscore\1.3.3\package.tgz
496 silly lockFile 5fda62fb-che-underscore-1-3-3-package-tgz tar://C:\Users\Chao\AppData\Roaming\npm-cache\underscore\1.3.3\package.tgz
497 silly gunzTarPerm extractEntry test/zap.js
498 silly gunzTarPerm modified mode [ 'test/zap.js', 420, 438 ]
499 silly gunzTarPerm extractEntry test/socket.monitor.js
500 silly gunzTarPerm modified mode [ 'test/socket.monitor.js', 420, 438 ]
501 silly gunzTarPerm extractEntry test/mocha.opts
502 silly gunzTarPerm modified mode [ 'test/mocha.opts', 420, 438 ]
503 info preinstall underscore@1.3.3
504 verbose readDependencies using package.json deps
505 verbose readDependencies using package.json deps
506 silly resolved []
507 verbose about to build C:\Users\Chao\Documents\GitHub\webAppEKGAPI\node_modules\zerorpc\node_modules\underscore
508 info build C:\Users\Chao\Documents\GitHub\webAppEKGAPI\node_modules\zerorpc\node_modules\underscore
509 verbose linkStuff [ false,
509 verbose linkStuff   false,
509 verbose linkStuff   false,
509 verbose linkStuff   'C:\\Users\\Chao\\Documents\\GitHub\\webAppEKGAPI\\node_modules\\zerorpc\\node_modules' ]
510 info linkStuff underscore@1.3.3
511 verbose linkBins underscore@1.3.3
512 verbose linkMans underscore@1.3.3
513 verbose rebuildBundles underscore@1.3.3
514 silly gunzTarPerm extractEntry deps/msgpack/msgpack/zone.h
515 silly gunzTarPerm extractEntry deps/msgpack/msgpack/zone.hpp
516 info install underscore@1.3.3
517 info postinstall underscore@1.3.3
518 silly gunzTarPerm extractEntry lib/index.js
519 silly gunzTarPerm modified mode [ 'lib/index.js', 420, 438 ]
520 silly gunzTarPerm extractEntry deps/msgpack/msgpack.gyp
521 silly gunzTarPerm extractEntry deps/msgpack/msgpack.h
522 silly gunzTarPerm extractEntry deps/msgpack/COPYING
523 silly gunzTarPerm extractEntry deps/msgpack/object.cpp
524 silly gunzTarPerm extractEntry deps/msgpack/objectc.c
525 silly gunzTarPerm extractEntry deps/msgpack/unpack.c
526 silly gunzTarPerm extractEntry deps/msgpack/version.c
527 silly gunzTarPerm extractEntry deps/msgpack/vrefbuffer.c
528 silly gunzTarPerm extractEntry deps/msgpack/zone.c
529 silly gunzTarPerm extractEntry src/msgpack.cc
530 silly gunzTarPerm extractEntry lib/msgpack.js
531 silly lockFile 785b20bb-modules-zerorpc-node-modules-zmq tar://C:\Users\Chao\Documents\GitHub\webAppEKGAPI\node_modules\zerorpc\node_modules\zmq
532 silly lockFile 785b20bb-modules-zerorpc-node-modules-zmq tar://C:\Users\Chao\Documents\GitHub\webAppEKGAPI\node_modules\zerorpc\node_modules\zmq
533 silly lockFile 3179a15e--npm-cache-zmq-2-8-0-package-tgz tar://C:\Users\Chao\AppData\Roaming\npm-cache\zmq\2.8.0\package.tgz
534 silly lockFile 3179a15e--npm-cache-zmq-2-8-0-package-tgz tar://C:\Users\Chao\AppData\Roaming\npm-cache\zmq\2.8.0\package.tgz
535 info preinstall zmq@2.8.0
536 verbose readDependencies using package.json deps
537 verbose readDependencies using package.json deps
538 silly lockFile 31b2932c-les-zerorpc-node-modules-msgpack tar://C:\Users\Chao\Documents\GitHub\webAppEKGAPI\node_modules\zerorpc\node_modules\msgpack
539 silly lockFile 31b2932c-les-zerorpc-node-modules-msgpack tar://C:\Users\Chao\Documents\GitHub\webAppEKGAPI\node_modules\zerorpc\node_modules\msgpack
540 verbose cache add [ 'nan@~1.3.0', null ]
541 verbose cache add name=undefined spec="nan@~1.3.0" args=["nan@~1.3.0",null]
542 verbose parsed url { protocol: null,
542 verbose parsed url   slashes: null,
542 verbose parsed url   auth: null,
542 verbose parsed url   host: null,
542 verbose parsed url   port: null,
542 verbose parsed url   hostname: null,
542 verbose parsed url   hash: null,
542 verbose parsed url   search: null,
542 verbose parsed url   query: null,
542 verbose parsed url   pathname: 'nan@~1.3.0',
542 verbose parsed url   path: 'nan@~1.3.0',
542 verbose parsed url   href: 'nan@~1.3.0' }
543 verbose cache add [ 'bindings@~1.1.1', null ]
544 verbose cache add name=undefined spec="bindings@~1.1.1" args=["bindings@~1.1.1",null]
545 verbose parsed url { protocol: null,
545 verbose parsed url   slashes: null,
545 verbose parsed url   auth: null,
545 verbose parsed url   host: null,
545 verbose parsed url   port: null,
545 verbose parsed url   hostname: null,
545 verbose parsed url   hash: null,
545 verbose parsed url   search: null,
545 verbose parsed url   query: null,
545 verbose parsed url   pathname: 'bindings@~1.1.1',
545 verbose parsed url   path: 'bindings@~1.1.1',
545 verbose parsed url   href: 'bindings@~1.1.1' }
546 silly lockFile ba9aa51e--cache-msgpack-0-1-8-package-tgz tar://C:\Users\Chao\AppData\Roaming\npm-cache\msgpack\0.1.8\package.tgz
547 silly lockFile ba9aa51e--cache-msgpack-0-1-8-package-tgz tar://C:\Users\Chao\AppData\Roaming\npm-cache\msgpack\0.1.8\package.tgz
548 verbose cache add name="nan" spec="~1.3.0" args=["nan","~1.3.0"]
549 verbose parsed url { protocol: null,
549 verbose parsed url   slashes: null,
549 verbose parsed url   auth: null,
549 verbose parsed url   host: null,
549 verbose parsed url   port: null,
549 verbose parsed url   hostname: null,
549 verbose parsed url   hash: null,
549 verbose parsed url   search: null,
549 verbose parsed url   query: null,
549 verbose parsed url   pathname: '~1.3.0',
549 verbose parsed url   path: '~1.3.0',
549 verbose parsed url   href: '~1.3.0' }
550 verbose addNamed [ 'nan', '~1.3.0' ]
551 verbose addNamed [ null, '>=1.3.0-0 <1.4.0-0' ]
552 silly lockFile a6a87a7e-nan-1-3-0 nan@~1.3.0
553 verbose lock nan@~1.3.0 C:\Users\Chao\AppData\Roaming\npm-cache\a6a87a7e-nan-1-3-0.lock
554 verbose cache add name="bindings" spec="~1.1.1" args=["bindings","~1.1.1"]
555 verbose parsed url { protocol: null,
555 verbose parsed url   slashes: null,
555 verbose parsed url   auth: null,
555 verbose parsed url   host: null,
555 verbose parsed url   port: null,
555 verbose parsed url   hostname: null,
555 verbose parsed url   hash: null,
555 verbose parsed url   search: null,
555 verbose parsed url   query: null,
555 verbose parsed url   pathname: '~1.1.1',
555 verbose parsed url   path: '~1.1.1',
555 verbose parsed url   href: '~1.1.1' }
556 verbose addNamed [ 'bindings', '~1.1.1' ]
557 verbose addNamed [ null, '>=1.1.1-0 <1.2.0-0' ]
558 silly lockFile cc1512d6-bindings-1-1-1 bindings@~1.1.1
559 verbose lock bindings@~1.1.1 C:\Users\Chao\AppData\Roaming\npm-cache\cc1512d6-bindings-1-1-1.lock
560 silly addNameRange { name: 'nan', range: '>=1.3.0-0 <1.4.0-0', hasData: false }
561 verbose request where is /nan
562 verbose request registry https://registry.npmjs.org/
563 verbose url raw /nan
564 verbose url resolving [ 'https://registry.npmjs.org/', './nan' ]
565 verbose url resolved https://registry.npmjs.org/nan
566 verbose request where is https://registry.npmjs.org/nan
567 info trying registry request attempt 1 at 14:58:28
568 verbose etag "AT2XJNDBWQ2S97BEVICH8DLJ7"
569 http GET https://registry.npmjs.org/nan
570 info preinstall msgpack@0.1.8
571 silly addNameRange { name: 'bindings', range: '>=1.1.1-0 <1.2.0-0', hasData: false }
572 verbose readDependencies using package.json deps
573 verbose readDependencies using package.json deps
574 silly resolved []
575 verbose about to build C:\Users\Chao\Documents\GitHub\webAppEKGAPI\node_modules\zerorpc\node_modules\msgpack
576 info build C:\Users\Chao\Documents\GitHub\webAppEKGAPI\node_modules\zerorpc\node_modules\msgpack
577 verbose linkStuff [ false,
577 verbose linkStuff   false,
577 verbose linkStuff   false,
577 verbose linkStuff   'C:\\Users\\Chao\\Documents\\GitHub\\webAppEKGAPI\\node_modules\\zerorpc\\node_modules' ]
578 info linkStuff msgpack@0.1.8
579 verbose linkBins msgpack@0.1.8
580 verbose link bins [ { json2msgpack: './bin/json2msgpack',
580 verbose link bins     msgpack2json: './bin/msgpack2json' },
580 verbose link bins   'C:\\Users\\Chao\\Documents\\GitHub\\webAppEKGAPI\\node_modules\\zerorpc\\node_modules\\.bin',
580 verbose link bins   false ]
581 verbose linkMans msgpack@0.1.8
582 verbose rebuildBundles msgpack@0.1.8
583 verbose request where is /bindings
584 verbose request registry https://registry.npmjs.org/
585 verbose url raw /bindings
586 verbose url resolving [ 'https://registry.npmjs.org/', './bindings' ]
587 verbose url resolved https://registry.npmjs.org/bindings
588 verbose request where is https://registry.npmjs.org/bindings
589 info trying registry request attempt 1 at 14:58:28
590 verbose etag "6SJRISMK25A1UDWM33HHCDB3Q"
591 http GET https://registry.npmjs.org/bindings
592 info install msgpack@0.1.8
593 verbose unsafe-perm in lifecycle true
594 http 304 https://registry.npmjs.org/nan
595 silly registry.get cb [ 304,
595 silly registry.get   { date: 'Wed, 05 Nov 2014 22:58:30 GMT',
595 silly registry.get     server: 'Apache',
595 silly registry.get     via: '1.1 varnish',
595 silly registry.get     'last-modified': 'Wed, 05 Nov 2014 22:57:33 GMT',
595 silly registry.get     'cache-control': 'max-age=60',
595 silly registry.get     etag: '"AT2XJNDBWQ2S97BEVICH8DLJ7"',
595 silly registry.get     age: '59',
595 silly registry.get     'x-served-by': 'cache-sjc3124-SJC',
595 silly registry.get     'x-cache': 'HIT',
595 silly registry.get     'x-cache-hits': '4',
595 silly registry.get     'x-timer': 'S1415228310.014268,VS0,VE0',
595 silly registry.get     vary: 'Accept',
595 silly registry.get     'content-length': '0',
595 silly registry.get     'keep-alive': 'timeout=10, max=50',
595 silly registry.get     connection: 'Keep-Alive' } ]
596 verbose etag https://registry.npmjs.org/nan from cache
597 http 304 https://registry.npmjs.org/bindings
598 silly registry.get cb [ 304,
598 silly registry.get   { date: 'Wed, 05 Nov 2014 22:58:30 GMT',
598 silly registry.get     server: 'Apache',
598 silly registry.get     via: '1.1 varnish',
598 silly registry.get     'last-modified': 'Wed, 05 Nov 2014 22:58:30 GMT',
598 silly registry.get     'cache-control': 'max-age=60',
598 silly registry.get     etag: '"6SJRISMK25A1UDWM33HHCDB3Q"',
598 silly registry.get     age: '5',
598 silly registry.get     'x-served-by': 'cache-sjc3130-SJC',
598 silly registry.get     'x-cache': 'HIT',
598 silly registry.get     'x-cache-hits': '1',
598 silly registry.get     'x-timer': 'S1415228310.014404,VS0,VE0',
598 silly registry.get     vary: 'Accept',
598 silly registry.get     'content-length': '0',
598 silly registry.get     'keep-alive': 'timeout=10, max=50',
598 silly registry.get     connection: 'Keep-Alive' } ]
599 verbose etag https://registry.npmjs.org/bindings from cache
600 silly addNameRange number 2 { name: 'bindings', range: '>=1.1.1-0 <1.2.0-0', hasData: true }
601 silly addNameRange versions [ 'bindings',
601 silly addNameRange   [ '0.0.1',
601 silly addNameRange     '0.1.0',
601 silly addNameRange     '0.1.1',
601 silly addNameRange     '0.2.0',
601 silly addNameRange     '0.2.1',
601 silly addNameRange     '0.2.2',
601 silly addNameRange     '0.2.3',
601 silly addNameRange     '0.2.4',
601 silly addNameRange     '0.3.0',
601 silly addNameRange     '0.4.0',
601 silly addNameRange     '1.0.0',
601 silly addNameRange     '1.1.0',
601 silly addNameRange     '1.1.1',
601 silly addNameRange     '1.2.0',
601 silly addNameRange     '1.2.1' ] ]
602 verbose addNamed [ 'bindings', '1.1.1' ]
603 verbose addNamed [ '1.1.1', '1.1.1' ]
604 silly lockFile 52dd60a7-bindings-1-1-1 bindings@1.1.1
605 verbose lock bindings@1.1.1 C:\Users\Chao\AppData\Roaming\npm-cache\52dd60a7-bindings-1-1-1.lock
606 silly addNameRange number 2 { name: 'nan', range: '>=1.3.0-0 <1.4.0-0', hasData: true }
607 silly addNameRange versions [ 'nan',
607 silly addNameRange   [ '0.3.0-wip',
607 silly addNameRange     '0.3.0-wip2',
607 silly addNameRange     '0.3.0',
607 silly addNameRange     '0.3.1',
607 silly addNameRange     '0.3.2',
607 silly addNameRange     '0.4.0',
607 silly addNameRange     '0.4.1',
607 silly addNameRange     '0.4.2',
607 silly addNameRange     '0.4.3',
607 silly addNameRange     '0.4.4',
607 silly addNameRange     '0.5.0',
607 silly addNameRange     '0.5.1',
607 silly addNameRange     '0.5.2',
607 silly addNameRange     '0.6.0',
607 silly addNameRange     '0.7.0',
607 silly addNameRange     '0.7.1',
607 silly addNameRange     '0.8.0',
607 silly addNameRange     '1.0.0',
607 silly addNameRange     '1.1.0',
607 silly addNameRange     '1.1.1',
607 silly addNameRange     '1.1.2',
607 silly addNameRange     '1.2.0',
607 silly addNameRange     '1.3.0',
607 silly addNameRange     '1.4.0' ] ]
608 verbose addNamed [ 'nan', '1.3.0' ]
609 verbose addNamed [ '1.3.0', '1.3.0' ]
610 silly lockFile b8539500-nan-1-3-0 nan@1.3.0
611 verbose lock nan@1.3.0 C:\Users\Chao\AppData\Roaming\npm-cache\b8539500-nan-1-3-0.lock
612 silly lockFile 4e5e3491--org-bindings-bindings-1-1-1-tgz https://registry.npmjs.org/bindings/-/bindings-1.1.1.tgz
613 verbose lock https://registry.npmjs.org/bindings/-/bindings-1.1.1.tgz C:\Users\Chao\AppData\Roaming\npm-cache\4e5e3491--org-bindings-bindings-1-1-1-tgz.lock
614 verbose addRemoteTarball [ 'https://registry.npmjs.org/bindings/-/bindings-1.1.1.tgz',
614 verbose addRemoteTarball   '951f7ae010302ffc50b265b124032017ed2bf6f3' ]
615 silly lockFile b8539500-nan-1-3-0 nan@1.3.0
616 silly lockFile b8539500-nan-1-3-0 nan@1.3.0
617 info retry fetch attempt 1 at 14:58:29
618 verbose fetch to= C:\Users\Chao\AppData\Local\Temp\npm-2488-0gLq9qNS\registry.npmjs.org\bindings\-\bindings-1.1.1.tgz
619 http GET https://registry.npmjs.org/bindings/-/bindings-1.1.1.tgz
620 silly lockFile a6a87a7e-nan-1-3-0 nan@~1.3.0
621 silly lockFile a6a87a7e-nan-1-3-0 nan@~1.3.0
622 http 200 https://registry.npmjs.org/bindings/-/bindings-1.1.1.tgz
623 silly lockFile 4e5e3491--org-bindings-bindings-1-1-1-tgz https://registry.npmjs.org/bindings/-/bindings-1.1.1.tgz
624 silly lockFile 4e5e3491--org-bindings-bindings-1-1-1-tgz https://registry.npmjs.org/bindings/-/bindings-1.1.1.tgz
625 silly lockFile 52dd60a7-bindings-1-1-1 bindings@1.1.1
626 silly lockFile 52dd60a7-bindings-1-1-1 bindings@1.1.1
627 silly lockFile cc1512d6-bindings-1-1-1 bindings@~1.1.1
628 silly lockFile cc1512d6-bindings-1-1-1 bindings@~1.1.1
629 silly resolved [ { name: 'nan',
629 silly resolved     version: '1.3.0',
629 silly resolved     description: 'Native Abstractions for Node.js: C++ header for Node 0.8->0.12 compatibility',
629 silly resolved     main: 'include_dirs.js',
629 silly resolved     repository: { type: 'git', url: 'git://github.com/rvagg/nan.git' },
629 silly resolved     scripts:
629 silly resolved      { test: 'tap --gc test/js/*-test.js',
629 silly resolved        'rebuild-tests': 'node-gyp rebuild --directory test' },
629 silly resolved     contributors: [ [Object], [Object], [Object], [Object], [Object], [Object] ],
629 silly resolved     devDependencies:
629 silly resolved      { bindings: '~1.2.1',
629 silly resolved        'node-gyp': '~1.0.1',
629 silly resolved        tap: '~0.4.12',
629 silly resolved        xtend: '~4.0.0' },
629 silly resolved     license: 'MIT',
629 silly resolved     gitHead: 'e482fbe142e58373d5a24f4e5a60c61e22a13f83',
629 silly resolved     bugs: { url: 'https://github.com/rvagg/nan/issues' },
629 silly resolved     homepage: 'https://github.com/rvagg/nan',
629 silly resolved     _id: 'nan@1.3.0',
629 silly resolved     _shasum: '9a5b8d5ef97a10df3050e59b2c362d3baf779742',
629 silly resolved     _from: 'nan@~1.3.0',
629 silly resolved     _npmVersion: '1.4.21',
629 silly resolved     _npmUser: { name: 'rvagg', email: 'rod@vagg.org' },
629 silly resolved     maintainers: [ [Object] ],
629 silly resolved     dist:
629 silly resolved      { shasum: '9a5b8d5ef97a10df3050e59b2c362d3baf779742',
629 silly resolved        tarball: 'http://registry.npmjs.org/nan/-/nan-1.3.0.tgz' },
629 silly resolved     directories: {},
629 silly resolved     _resolved: 'https://registry.npmjs.org/nan/-/nan-1.3.0.tgz',
629 silly resolved     readme: 'ERROR: No README data found!' },
629 silly resolved   { name: 'bindings',
629 silly resolved     description: 'Helper module for loading your native module\'s .node file',
629 silly resolved     keywords: [ 'native', 'addon', 'bindings', 'gyp', 'waf', 'c', 'c++' ],
629 silly resolved     version: '1.1.1',
629 silly resolved     author:
629 silly resolved      { name: 'Nathan Rajlich',
629 silly resolved        email: 'nathan@tootallnate.net',
629 silly resolved        url: 'http://tootallnate.net' },
629 silly resolved     repository:
629 silly resolved      { type: 'git',
629 silly resolved        url: 'git://github.com/TooTallNate/node-bindings.git' },
629 silly resolved     main: './bindings.js',
629 silly resolved     bugs: { url: 'https://github.com/TooTallNate/node-bindings/issues' },
629 silly resolved     _id: 'bindings@1.1.1',
629 silly resolved     dist:
629 silly resolved      { shasum: '951f7ae010302ffc50b265b124032017ed2bf6f3',
629 silly resolved        tarball: 'http://registry.npmjs.org/bindings/-/bindings-1.1.1.tgz' },
629 silly resolved     _from: 'bindings@~1.1.1',
629 silly resolved     _npmVersion: '1.3.2',
629 silly resolved     _npmUser: { name: 'tootallnate', email: 'nathan@tootallnate.net' },
629 silly resolved     maintainers: [ [Object], [Object] ],
629 silly resolved     directories: {},
629 silly resolved     _shasum: '951f7ae010302ffc50b265b124032017ed2bf6f3',
629 silly resolved     _resolved: 'https://registry.npmjs.org/bindings/-/bindings-1.1.1.tgz' } ]
630 info install nan@1.3.0 into C:\Users\Chao\Documents\GitHub\webAppEKGAPI\node_modules\zerorpc\node_modules\zmq
631 info install bindings@1.1.1 into C:\Users\Chao\Documents\GitHub\webAppEKGAPI\node_modules\zerorpc\node_modules\zmq
632 info installOne nan@1.3.0
633 info installOne bindings@1.1.1
634 verbose node_modules\zerorpc\node_modules\zmq\node_modules\nan unbuild
635 verbose tar unpack C:\Users\Chao\AppData\Roaming\npm-cache\nan\1.3.0\package.tgz
636 silly lockFile b03001df-ode-modules-zmq-node-modules-nan tar://C:\Users\Chao\Documents\GitHub\webAppEKGAPI\node_modules\zerorpc\node_modules\zmq\node_modules\nan
637 verbose lock tar://C:\Users\Chao\Documents\GitHub\webAppEKGAPI\node_modules\zerorpc\node_modules\zmq\node_modules\nan C:\Users\Chao\AppData\Roaming\npm-cache\b03001df-ode-modules-zmq-node-modules-nan.lock
638 silly lockFile 7628fc73--npm-cache-nan-1-3-0-package-tgz tar://C:\Users\Chao\AppData\Roaming\npm-cache\nan\1.3.0\package.tgz
639 verbose lock tar://C:\Users\Chao\AppData\Roaming\npm-cache\nan\1.3.0\package.tgz C:\Users\Chao\AppData\Roaming\npm-cache\7628fc73--npm-cache-nan-1-3-0-package-tgz.lock
640 verbose node_modules\zerorpc\node_modules\zmq\node_modules\bindings unbuild
641 silly gunzTarPerm modes [ '777', '666' ]
642 verbose tar unpack C:\Users\Chao\AppData\Roaming\npm-cache\bindings\1.1.1\package.tgz
643 silly lockFile 1c975d95-odules-zmq-node-modules-bindings tar://C:\Users\Chao\Documents\GitHub\webAppEKGAPI\node_modules\zerorpc\node_modules\zmq\node_modules\bindings
644 verbose lock tar://C:\Users\Chao\Documents\GitHub\webAppEKGAPI\node_modules\zerorpc\node_modules\zmq\node_modules\bindings C:\Users\Chao\AppData\Roaming\npm-cache\1c975d95-odules-zmq-node-modules-bindings.lock
645 silly lockFile 28789707-cache-bindings-1-1-1-package-tgz tar://C:\Users\Chao\AppData\Roaming\npm-cache\bindings\1.1.1\package.tgz
646 verbose lock tar://C:\Users\Chao\AppData\Roaming\npm-cache\bindings\1.1.1\package.tgz C:\Users\Chao\AppData\Roaming\npm-cache\28789707-cache-bindings-1-1-1-package-tgz.lock
647 silly gunzTarPerm modes [ '777', '666' ]
648 silly gunzTarPerm extractEntry package.json
649 silly gunzTarPerm modified mode [ 'package.json', 436, 438 ]
650 silly gunzTarPerm extractEntry README.md
651 silly gunzTarPerm modified mode [ 'README.md', 436, 438 ]
652 silly gunzTarPerm extractEntry package.json
653 silly gunzTarPerm modified mode [ 'package.json', 420, 438 ]
654 silly gunzTarPerm extractEntry LICENSE
655 silly gunzTarPerm modified mode [ 'LICENSE', 436, 438 ]
656 silly gunzTarPerm extractEntry include_dirs.js
657 silly gunzTarPerm modified mode [ 'include_dirs.js', 436, 438 ]
658 silly gunzTarPerm extractEntry CHANGELOG.md
659 silly gunzTarPerm modified mode [ 'CHANGELOG.md', 436, 438 ]
660 silly gunzTarPerm extractEntry .dntrc
661 silly gunzTarPerm modified mode [ '.dntrc', 436, 438 ]
662 silly gunzTarPerm extractEntry nan.h
663 silly gunzTarPerm modified mode [ 'nan.h', 436, 438 ]
664 silly gunzTarPerm extractEntry appveyor.yml
665 silly gunzTarPerm modified mode [ 'appveyor.yml', 436, 438 ]
666 silly gunzTarPerm extractEntry README.md
667 silly gunzTarPerm modified mode [ 'README.md', 420, 438 ]
668 silly gunzTarPerm extractEntry bindings.js
669 silly gunzTarPerm modified mode [ 'bindings.js', 420, 438 ]
670 silly lockFile 1c975d95-odules-zmq-node-modules-bindings tar://C:\Users\Chao\Documents\GitHub\webAppEKGAPI\node_modules\zerorpc\node_modules\zmq\node_modules\bindings
671 silly lockFile 1c975d95-odules-zmq-node-modules-bindings tar://C:\Users\Chao\Documents\GitHub\webAppEKGAPI\node_modules\zerorpc\node_modules\zmq\node_modules\bindings
672 silly lockFile 28789707-cache-bindings-1-1-1-package-tgz tar://C:\Users\Chao\AppData\Roaming\npm-cache\bindings\1.1.1\package.tgz
673 silly lockFile 28789707-cache-bindings-1-1-1-package-tgz tar://C:\Users\Chao\AppData\Roaming\npm-cache\bindings\1.1.1\package.tgz
674 info preinstall bindings@1.1.1
675 verbose readDependencies using package.json deps
676 verbose readDependencies using package.json deps
677 silly resolved []
678 verbose about to build C:\Users\Chao\Documents\GitHub\webAppEKGAPI\node_modules\zerorpc\node_modules\zmq\node_modules\bindings
679 info build C:\Users\Chao\Documents\GitHub\webAppEKGAPI\node_modules\zerorpc\node_modules\zmq\node_modules\bindings
680 verbose linkStuff [ false,
680 verbose linkStuff   false,
680 verbose linkStuff   false,
680 verbose linkStuff   'C:\\Users\\Chao\\Documents\\GitHub\\webAppEKGAPI\\node_modules\\zerorpc\\node_modules\\zmq\\node_modules' ]
681 info linkStuff bindings@1.1.1
682 verbose linkBins bindings@1.1.1
683 verbose linkMans bindings@1.1.1
684 verbose rebuildBundles bindings@1.1.1
685 info install bindings@1.1.1
686 info postinstall bindings@1.1.1
687 silly lockFile b03001df-ode-modules-zmq-node-modules-nan tar://C:\Users\Chao\Documents\GitHub\webAppEKGAPI\node_modules\zerorpc\node_modules\zmq\node_modules\nan
688 silly lockFile b03001df-ode-modules-zmq-node-modules-nan tar://C:\Users\Chao\Documents\GitHub\webAppEKGAPI\node_modules\zerorpc\node_modules\zmq\node_modules\nan
689 silly lockFile 7628fc73--npm-cache-nan-1-3-0-package-tgz tar://C:\Users\Chao\AppData\Roaming\npm-cache\nan\1.3.0\package.tgz
690 silly lockFile 7628fc73--npm-cache-nan-1-3-0-package-tgz tar://C:\Users\Chao\AppData\Roaming\npm-cache\nan\1.3.0\package.tgz
691 info preinstall nan@1.3.0
692 verbose readDependencies using package.json deps
693 verbose readDependencies using package.json deps
694 silly resolved []
695 verbose about to build C:\Users\Chao\Documents\GitHub\webAppEKGAPI\node_modules\zerorpc\node_modules\zmq\node_modules\nan
696 info build C:\Users\Chao\Documents\GitHub\webAppEKGAPI\node_modules\zerorpc\node_modules\zmq\node_modules\nan
697 verbose linkStuff [ false,
697 verbose linkStuff   false,
697 verbose linkStuff   false,
697 verbose linkStuff   'C:\\Users\\Chao\\Documents\\GitHub\\webAppEKGAPI\\node_modules\\zerorpc\\node_modules\\zmq\\node_modules' ]
698 info linkStuff nan@1.3.0
699 verbose linkBins nan@1.3.0
700 verbose linkMans nan@1.3.0
701 verbose rebuildBundles nan@1.3.0
702 info install nan@1.3.0
703 info postinstall nan@1.3.0
704 verbose about to build C:\Users\Chao\Documents\GitHub\webAppEKGAPI\node_modules\zerorpc\node_modules\zmq
705 info build C:\Users\Chao\Documents\GitHub\webAppEKGAPI\node_modules\zerorpc\node_modules\zmq
706 verbose linkStuff [ false,
706 verbose linkStuff   false,
706 verbose linkStuff   false,
706 verbose linkStuff   'C:\\Users\\Chao\\Documents\\GitHub\\webAppEKGAPI\\node_modules\\zerorpc\\node_modules' ]
707 info linkStuff zmq@2.8.0
708 verbose linkBins zmq@2.8.0
709 verbose linkMans zmq@2.8.0
710 verbose rebuildBundles zmq@2.8.0
711 verbose rebuildBundles [ 'bindings', 'nan' ]
712 info install zmq@2.8.0
713 info msgpack@0.1.8 Failed to exec install script
714 verbose node_modules\zerorpc\node_modules\msgpack unbuild
715 info preuninstall msgpack@0.1.8
716 verbose unsafe-perm in lifecycle true
717 info uninstall msgpack@0.1.8
718 verbose false,C:\Users\Chao\Documents\GitHub\webAppEKGAPI\node_modules,C:\Users\Chao\Documents\GitHub\webAppEKGAPI\node_modules\zerorpc\node_modules unbuild msgpack@0.1.8
719 verbose C:\Users\Chao\Documents\GitHub\webAppEKGAPI\node_modules\zerorpc\node_modules\.bin,[object Object] binRoot
720 info postuninstall msgpack@0.1.8
721 verbose about to build C:\Users\Chao\Documents\GitHub\webAppEKGAPI\node_modules\zerorpc
722 verbose node_modules\zerorpc unbuild
723 info preuninstall zerorpc@0.9.3
724 info uninstall zerorpc@0.9.3
725 verbose true,C:\Users\Chao\Documents\GitHub\webAppEKGAPI\node_modules,C:\Users\Chao\Documents\GitHub\webAppEKGAPI\node_modules unbuild zerorpc@0.9.3
726 info postuninstall zerorpc@0.9.3
727 info postinstall zmq@2.8.0
728 error msgpack@0.1.8 install: `node-gyp rebuild`
728 error Exit status 1
729 error Failed at the msgpack@0.1.8 install script.
729 error This is most likely a problem with the msgpack package,
729 error not with npm itself.
729 error Tell the author that this fails on your system:
729 error     node-gyp rebuild
729 error You can get their info via:
729 error     npm owner ls msgpack
729 error There is likely additional logging output above.
730 error System Windows_NT 6.2.9200
731 error command "C:\\Program Files\\nodejs\\\\node.exe" "C:\\Program Files\\nodejs\\node_modules\\npm\\bin\\npm-cli.js" "install" "zerorpc"
732 error cwd C:\Users\Chao\Documents\GitHub\webAppEKGAPI
733 error node -v v0.10.31
734 error npm -v 1.4.23
735 error code ELIFECYCLE
736 verbose exit [ 1, true ]
